4959
4966
4971
4973
4983
4993
4995
4995
4995
4990
4983
4984
4986
4985
4985
4984
4984
4984
5006
4984
4984
4984
4984
4984
4984
4984
4984
4984
4984
4984
4984
4984
4997
4986
4985
4985
4985
4986
4985
4994
4994
4995
5003
5003
5002
4996
4996
4996
4996
4996
4995
4995
4995
4995
4996
4996
4996
4996
4998
4998
4998
4998
4998
4999
4999
4999
4999
4999
5000
5001
5002
5002
5002
5002
5002
5002
5001
5001
5004
5004
5021
5005
5005
5005
5005
5005
5010
4999
4999
5000
5000
5000
5001
5000
5000
5000
5000
5000
5000
5000
4999
5000
5000
4999
5000
5000
5000
5000
5019
5000
5000
5000
5001
5001
5001
5001
5001
5001
5001
5001
5002
5002
5002
5001
5011
5002
5004
5004
5004
5005
5004
5002
5002
5002
5002
5003
5003
5003
5003
5003
5003
5002
5002
5002
5002
5003
5002
5003
5003
5003
5004
5003
5003
5003
5003
5003
5006
5006
5006
5006
5006
5006
5006
5007
5007
5007
5007
5007
5007
5006
5005
5005
5005
5005
5005
5007
5006
5006
5006
5006
5006
5007
5011
5006
5007
5006
5006
5006
5006
5008
5008
5009
5009
5009
5009
5009
5009
5009
5009
5009
5009
5010
5010
5010
5010
5010
5010
5010
5011
5011
5010
5011
5011
5011
5011
5011
5011
5011
5011
5011
5012
5012
5012
5011
5011
5011
5011
5025
5027
5027
5019
5019
5019
5019
5019
5020
5020
5020
5020
5024
5023
5023
5023
5023
5023
5023
5023
5024
5024
5026
5026
5026
5026
5026
5026
5026
5043
5029
5029
5030
5030
5030
5030
5030
5030
5031
5031
5031
5031
5031
5031
5032
5032
5032
5032
5032
5032
5035
5033
5032
5032
5033
5033
5033
5033
5033
5033
5033
5033
5033
5033
5034
5034
5034
5034
5057
5036
5036
5036
5037
5037
5037
5037
5037
5038
5037
5037
5037
5037
5037
5037
5037
5037
5037
5037
5037
5040
5039
5039
5039
5039
5039
5040
5040
5040
5040
5040
5040
5051
5040
5040
5040
5040
5040
5040
5040
5040
5040
5041
5041
5041
5041
5041
5040
5040
5040
5040
5040
5040
5041
5041
5041
5041
5041
5041
5041
5049
5041
5041
5041
5041
5041
5041
5063
5043
5044
5044
5044
5044
5044
5044
5044
5044
5044
5044
5043
5043
5043
5043
5043
5043
5043
5043
5043
5043
5043
5044
5046
5045
5045
5045
5045
5045
5045
5045
5045
5045
5045
5045
5046
5046
5046
5046
5046
5046
5046
5046
5047
5047
5047
5050
5050
5050
5069
5050
5050
5050
5050
5050
5050
5052
5052
5052
5052
5052
5052
5052
5052
5052
5052
5052
5052
5052
5052
5052
5052
5052
5052
5052
5052
5052
5052
5053
5053
5053
5053
5061
5053
5053
5052
5053
5053
5053
5053
5053
5053
5044
5044
5044
5048
5045
5044
5044
5044
5044
5044
5044
5044
5045
5053
5045
5044
5044
5044
5044
5045
5045
5045
5045
5045
5046
5046
5046
5046
5046
5046
5046
5046
5047
5046
5046
5046
5046
5046
5046
5046
5047
5047
5047
5047
5050
5052
5052
5052
5050
5050
5051
5051
5051
5060
5051
5051
5051
5051
5051
5051
5051
5051
5051
5051
5051
5051
5051
5052
5052
5052
5052
5052
5052
5051
5051
5051
5051
5051
5051
5051
5051
5051
5051
5051
5051
5051
5051
5068
5051
5051
5051
5052
5052
5052
5052
5052
5052
5052
5051
5051
5051
5051
5051
5051
5053
5056
5056
5056
5056
5056
5056
5056
5056
5056
5056
5056
5056
5056
5056
5056
5056
5056
5056
5056
5057
5071
5056
5057
5057
5057
5057
5057
5056
5057
5056
5061
5061
5061
5061
5061
5060
5060
5060
5060
5060
5060
5060
5060
5060
5060
5060
5060
5066
5060
5060
5060
5061
5061
5061
5061
5061
5062
5062
5062
5062
5061
5062
5062
5062
5062
5062
5062
5062
5062
5062
5062
5064
5064
5064
5064
5064
5064
5064
5064
5065
5065
5065
5065
5065
5065
5065
5064
5057
5057
5057
5057
5058
5058
5058
5058
5058
5058
5058
5058
5058
5059
5058
5060
5060
5060
5060
5060
5080
5059
5060
5059
5060
5060
5060
5060
5060
5060
5060
5061
5060
5060
5060
5060
5060
5060
5060
5060
5060
5060
5060
5060
5060
5061
5061
5061
5061
5061
5061
5061
5061
5061
5061
5062
5062
5062
5062
5062
5062
5062
5062
5062
5062
5062
5062
5063
5063
5063
5063
5063
5063
5063
5063
5064
5063
5063
5063
5063
5063
5063
5063
5063
5064
5065
5064
5064
5064
5064
5055
5055
5055
5055
5055
5055
5056
5055
5055
5055
5055
5055
5073
5056
5056
5056
5056
5056
5056
5056
5056
5056
5056
5056
5056
5056
5056
5056
5055
5055
5055
5055
5055
5055
5055
5055
5055
5055
5055
5055
5055
5055
5055
5055
5055
5055
5055
5054
5055
5055
5055
5055
5055
5055
5055
5056
5055
5055
5056
5056
5056
5056
5056
5056
5056
5056
5056
5056
5056
5056
5056
5056
5061
5059
5059
5059
5057
5057
5057
5057
5057
5057
5057
5057
5057
5058
5057
5057
5057
5057
5057
5057
5057
5056
5056
5056
5057
5057
5057
5057
5057
5057
5057
5057
5057
5057
5057
5057
5057
5057
5057
5057
5057
5057
5058
5057
5057
5058
5058
5058
5057
5057
5057
5058
5057
5057
5058
5058
5058
5070
5058
5058
5058
5058
5058
5058
5058
5058
5058
5058
5058
5066
5059
5058
5058
5058
5058
5058
5058
5058
5059
5059
5059
5059
5059
5059
5058
5058
5058
5058
5059
5059
5058
5058
5058
5058
5058
5058
5058
5058
5058
5058
5058
5058
5058
5058
5058
5058
5058
5059
5058
5058
5058
5059
5062
5061
5061
5061
5061
5061
5061
5061
5061
5061
5061
5061
5061
5061
5061
5061
5060
5060
5060
5060
5060
5060
5061
5060
5060
5060
5060
5060
5060
5060
5060
5060
5060
5060
5060
5060
5060
5060
5060
5060
5060
5075
5060
5060
5060
5060
5060
5060
5060
5060
5061
5060
5060
5060
5060
5060
5060
5060
5060
5061
5060
5060
5061
5061
5061
5061
5061
5061
5061
5061
5061
5065
5061
5061
5061
5061
5063
5069
5065
5065
5064
5064
5064
5064
5064
5064
5064
5064
5066
5069
5068
5068
5068
5067
5068
5068
5068
5068
5068
5067
5067
5069
5068
5089
5068
5068
5068
5068
5068
5068
5072
5072
5073
5073
5072
5072
5072
5072
5072
5072
5072
5072
5072
5072
5073
5072
5072
5072
5072
5072
5072
5072
5072
5073
5072
5072
5072
5068
5068
5068
5068
5068
5068
5068
5068
5068
5069
5068
5069
5069
5068
5068
5069
5069
5069
5069
5069
5069
5070
5068
5069
5069
5068
5068
5069
5069
5069
5069
5069
5069
5069
5069
5070
5070
5070
5070
5070
5070
5070
5070
5070
5070
5070
5070
5069
5069
5070
5070
5070
5070
5070
5070
5069
5069
5069
5069
5069
5069
5069
5069
5069
5069
5069
5069
5069
5069
5069
5068
5068
5070
5069
5069
5069
5069
5069
5069
5069
5069
5069
5069
5069
5069
5069
5069
5069
5069
5069
5091
5069
5069
5069
5069
5069
5069
5079
5069
5069
5069
5069
5070
5070
5070
5070
5070
5070
5070
5070
5070
5070
5070
5070
5070
5070
5070
5070
5070
5070
5070
5070
5070
5070
5070
5070
5070
5070
5071
5070
5070
5070
5070
5071
5070
5070
5071
5071
5071
5071
5071
5070
5071
5070
5071
5071
5071
5070
5070
5071
5071
5071
5071
5072
5071
5071
5071
5071
5071
5071
5072
5071
5071
5071
5071
5071
5071
5072
5072
5072
5072
5072
5072
5072
5072
5072
5072
5072
5073
5072
5072
5072
5072
5072
5072
5073
5072
5072
5073
5072
5072
5072
5072
5072
5072
5072
5072
5073
5072
5073
5072
5072
5073
5073
5073
5073
5073
5073
5073
5073
5073
5073
5073
5073
5073
5075
5079
5073
5073
5073
5073
5073
5073
5073
5073
5073
5073
5074
5073
5074
5074
5074
5074
5074
5074
5074
5074
5074
5074
5094
5074
5074
5074
5075
5075
5074
5074
5074
5074
5074
5074
5074
5073
5073
5073
5073
5073
5073
5073
5073
5073
5073
5073
5074
5074
5074
5076
5074
5074
5074
5074
5074
5074
5074
5074
5074
5074
5074
5074
5074
5074
5074
5071
5070
5070
5070
5070
5070
5070
5070
5071
5070
5070
5070
5070
5070
5070
5071
5071
5071
5071
5071
5071
5071
5071
5071
5071
5071
5071
5071
5071
5076
5072
5072
5072
5072
5072
5072
5072
5072
5072
5072
5072
5073
5073
5073
5073
5072
5072
5072
5073
5073
5073
5073
5073
5073
5073
5073
5079
5073
5073
5073
5073
5073
5073
5073
5073
5073
5074
5073
5073
5073
5073
5073
5073
5073
5073
5073
5073
5073
5073
5073
5073
5073
5073
5073
5073
5073
5073
5073
5073
5073
5075
5074
5074
5093
5073
5073
5074
5073
5073
5074
5074
5074
5074
5074
5074
5074
5073
5073
5073
5074
5073
5073
5073
5074
5074
5074
5074
5074
5074
5073
5073
5073
5072
5072
5072
5073
5074
5078
5078
5078
5078
5078
5078
5078
5077
5080
5079
5079
5079
5079
5080
5080
5080
5080
5080
5080
5080
5079
5095
5079
5079
5079
5079
5079
5079
5085
5079
5080
5079
5079
5079
5080
5079
5079
5079
5079
5079
5079
5079
5079
5079
5079
5080
5079
5079
5079
5080
5080
5080
5080
5080
5080
5080
5080
5080
5080
5080
5095
5080
5080
5080
5080
5080
5080
5080
5080
5080
5079
5079
5080
5080
5080
5080
5080
5080
5080
5080
5079
5081
5081
5080
5080
5080
5080
5080
5080
5080
5080
5081
5080
5080
5080
5081
5081
5081
5081
5081
5081
5080
5080
5080
5080
5080
5080
5081
5081
5081
5081
5081
5081
5081
5081
5081
5081
5081
5081
5081
5081
5081
5081
5081
5081
5081
5081
5081
5081
5082
5081
5081
5081
5081
5081
5081
5081
5081
5081
5081
5081
5081
5081
5081
5081
5081
5081
5081
5081
5081
5081
5081
5081
5081
5081
5081
5081
5081
5081
5081
5081
5082
5081
5081
5082
5081
5081
5081
5081
5081
5081
5081
5081
5082
5081
5082
5082
5082
5082
5082
5082
5082
5082
5082
5082
5082
5082
5082
5084
5084
5084
5084
5084
5084
5084
5084
5084
5084
5086
5086
5086
5086
5086
5086
5086
5086
5086
5086
5086
5095
5086
5086
5086
5086
5086
5086
5086
5086
5086
5086
5086
5086
5086
5086
5086
5086
5086
5086
5087
5087
5087
5087
5087
5087
5086
5086
5086
5086
5086
5087
5087
5087
5087
5087
5087
5087
5087
5087
5087
5087
5087
5087
5087
5087
5087
5087
5087
5087
5087
5087
5087
5087
5087
5087
5087
5088
5087
5087
5088
5088
5088
5088
5087
5088
5088
5087
5087
5088
5091
5089
5088
5088
5088
5089
5088
5088
5088
5088
5088
5088
5088
5088
5088
5088
5088
5089
5089
5089
5089
5089
5089
5089
5089
5089
5089
5088
5088
5088
5088
5089
5089
5089
5089
5089
5089
5089
5088
5089
5089
5089
5089
5089
5089
5088
5088
5088
5088
5088
5089
5089
5089
5088
5088
5088
5088
5088
5088
5088
5089
5088
5089
5089
5089
5089
5088
5088
5088
5088
5089
5089
5089
5089
5089
5089
5089
5089
5090
5089
5090
5090
5090
5090
5090
5090
5091
5091
5090
5090
5090
5090
5090
5091
5091
5091
5091
5090
5090
5090
5090
5090
5090
5090
5090
5092
5091
5091
5091
5091
5091
5091
5091
5091
5092
5091
5091
5091
5091
5091
5091
5091
5091
5112
5092
5091
5091
5091
5091
5091
5092
5092
5092
5092
5092
5091
5091
5092
5092
5092
5092
5092
5092
5092
5091
5091
5091
5091
5091
5091
5104
5092
5092
5092
5092
5092
5092
5092
5092
5092
5092
5092
5092
5092
5092
5092
5092
5092
5092
5093
5092
5092
5092
5092
5092
5092
5092
5092
5093
5092
5092
5092
5092
5093
5093
5093
5093
5093
5093
5093
5093
5098
5098
5098
5098
5099
5099
5099
5099
5099
5099
5099
5099
5099
5099
5099
5099
5099
5099
5099
5099
5099
5099
5099
5100
5099
5099
5100
5100
5100
5100
5099
5100
5100
5100
5100
5100
5100
5100
5100
5100
5100
5100
5100
5100
5100
5100
5100
5100
5100
5100
5100
5100
5100
5100
5100
5100
5100
5100
5100
5100
5100
5100
5101
5100
5100
5100
5100
5100
5101
5101
5100
5100
5100
5100
5101
5101
5101
5101
5101
5101
5101
5103
5103
5103
5103
5101
5101
5102
5102
5102
5102
5102
5102
5102
5102
5117
5103
5102
5102
5102
5102
5102
5103
5103
5103
5103
5103
5103
5103
5103
5103
5103
5103
5103
5104
5104
5103
5103
5104
5104
5104
5103
5103
5103
5104
5103
5104
5104
5104
5104
5104
5104
5104
5105
5104
5104
5104
5104
5104
5104
5104
5104
5104
5104
5104
5104
5104
5104
5104
5104
5104
5105
5104
5104
5104
5104
5104
5104
5104
5105
5105
5105
5105
5105
5105
5105
5105
5109
5105
5105
5105
5105
5105
5105
5105
5105
5105
5105
5106
5105
5105
5105
5105
5102
5102
5102
5102
5103
5103
5103
5103
5103
5103
5103
5104
5104
5104
5104
5104
5104
5104
5104
5104
5104
5104
5104
5104
5104
5104
5104
5104
5104
5104
5127
5104
5104
5104
5104
5105
5105
5105
5105
5105
5105
5105
5105
5105
5105
5105
5105
5105
5105
5105
5105
5105
5105
5104
5104
5104
5104
5104
5104
5104
5104
5104
5104
5104
5105
5104
5104
5104
5104
5106
5104
5104
5104
5104
5104
5104
5104
5104
5105
5104
5104
5104
5105
5104
5104
5104
5104
5104
5104
5104
5104
5104
5104
5104
5104
5104
5105
5105
5105
5105
5105
5104
5104
5104
5104
5105
5105
5104
5104
5104
5104
5104
5104
5105
5105
5105
5105
5104
5104
5104
5104
5104
5104
5104
5104
5105
5105
5105
5105
5105
5105
5105
5105
5105
5105
5105
5105
5105
5105
5105
5105
5105
5105
5105
5105
5105
5105
5105
5105
5105
5105
5105
5105
5105
5105
5105
5105
5105
5105
5105
5106
5105
5105
5105
5105
5105
5105
5105
5105
5106
5105
5105
5105
5105
5106
5106
5106
5106
5105
5105
5105
5105
5106
5106
5106
5106
5106
5106
5105
5106
5106
5106
5106
5106
5106
5106
5106
5106
5106
5105
5105
5127
5106
5106
5106
5106
5106
5106
5106
5106
5106
5106
5106
5106
5106
5106
5106
5106
5106
5106
5106
5106
5106
5107
5106
5106
5106
5106
5106
5106
5106
5106
5106
5106
5106
5106
5106
5106
5107
5106
5106
5107
5106
5106
5107
5107
5107
5107
5107
5107
5107
5116
5107
5107
5107
5107
5107
5107
5107
5107
5112
5111
5111
5111
5111
5111
5111
5111
5111
5112
5111
5111
5111
5111
5111
5111
5111
5111
5111
5111
5111
5111
5111
5111
5112
5112
5112
5112
5112
5111
5111
5111
5111
5112
5112
5112
5112
5112
5112
5112
5112
5112
5112
5112
5112
5112
5112
5114
5101
5101
5101
5101
5101
5101
5101
5102
5101
5101
5101
5101
5102
5101
5101
5102
5102
5102
5102
5102
5102
5102
5102
5102
5102
5102
5102
5102
5102
5102
5102
5102
5102
5102
5102
5102
5102
5102
5102
5102
5102
5102
5102
5104
5103
5103
5103
5103
5103
5103
5103
5103
5103
5103
5103
5103
5106
5106
5105
5105
5105
5106
5106
5106
5106
5105
5105
5105
5105
5106
5105
5105
5105
5105
5105
5105
5105
5105
5105
5105
5105
5105
5105
5105
5105
5105
5105
5105
5105
5105
5105
5105
5105
5105
5105
5106
5106
5106
5106
5106
5106
5106
5105
5105
5105
5105
5105
5106
5105
5105
5105
5105
5105
5105
5106
5106
5106
5106
5106
5105
5105
5105
5105
5105
5105
5106
5105
5105
5106
5106
5105
5106
5106
5106
5106
5106
5106
5106
5105
5105
5105
5105
5105
5106
5106
5106
5106
5106
5110
5106
5106
5106
5106
5106
5105
5105
5105
5105
5115
5106
5106
5106
5106
5106
5106
5106
5106
5106
5106
5106
5106
5106
5106
5105
5105
5105
5105
5105
5105
5105
5105
5106
5105
5105
5105
5106
5106
5106
5105
5105
5105
5105
5105
5105
5105
5105
5105
5105
5106
5106
5106
5106
5106
5105
5105
5105
5105
5105
5106
5105
5106
5106
5106
5106
5106
5106
5106
5106
5106
5106
5106
5106
5106
5106
5106
5106
5106
5106
5106
5106
5106
5106
5106
5106
5106
5106
5107
5107
5107
5107
5107
5107
5107
5107
5107
5107
5107
5107
5107
5107
5107
5107
5107
5107
5107
5107
5107
5107
5106
5107
5107
5107
5107
5107
5107
5107
5107
5107
5107
5107
5107
5107
5107
5107
5108
5107
5107
5107
5107
5107
5108
5108
5108
5108
5108
5108
5108
5114
5108
5108
5108
5108
5108
5108
5108
5108
5110
5110
5110
5110
5110
5110
5110
5110
5110
5110
5110
5109
5110
5110
5110
5110
5110
5110
5110
5110
5110
5110
5110
5110
5110
5110
5110
5106
5106
5106
5106
5106
5107
5106
5107
5107
5107
5107
5107
5107
5107
5107
5107
5107
5107
5107
5107
5107
5117
5107
5108
5107
5107
5107
5107
5108
5108
5108
5108
5109
5108
5108
5108
5108
5108
5108
5108
5108
5108
5108
5108
5108
5108
5108
5108
5108
5108
5108
5108
5108
5108
5108
5108
5108
5108
5108
5109
5109
5109
5109
5108
5109
5109
5109
5126
5109
5109
5109
5109
5109
5109
5109
5109
5109
5109
5109
5109
5109
5109
5109
5109
5109
5109
5109
5109
5109
5109
5109
5109
5109
5109
5109
5109
5129
5109
5109
5109
5109
5109
5109
5109
5113
5114
5113
5113
5113
5113
5113
5113
5113
5113
5113
5113
5113
5113
5113
5113
5113
5113
5113
5113
5114
5114
5114
5114
5114
5114
5113
5114
5113
5114
5114
5114
5113
5114
5114
5114
5114
5114
5114
5114
5114
5114
5114
5114
5114
5114
5114
5114
5114
5114
5114
5114
5114
5114
5114
5114
5122
5114
5114
5114
5114
5114
5114
5114
5114
5114
5115
5115
5115
5115
5115
5115
5115
5115
5115
5115
5115
5115
5115
5115
5115
5115
5115
5115
5116
5115
5115
5115
5115
5115
5115
5115
5115
5115
5115
5115
5116
5115
5115
5115
5115
5115
5115
5116
5115
5115
5115
5115
5115
5136
5115
5115
5116
5115
5115
5115
5115
5115
5115
5115
5115
5115
5115
5115
5115
5115
5121
5115
5115
5115
5115
5115
5127
5115
5115
5115
5115
5115
5115
5115
5115
5115
5115
5115
5115
5115
5115
5115
5115
5115
5115
5115
5115
5115
5115
5115
5115
5115
5115
5115
5115
5115
5115
5115
5115
5115
5116
5116
5116
5116
5116
5116
5115
5115
5115
5116
5116
5116
5116
5116
5116
5116
5116
5116
5116
5116
5116
5116
5116
5116
5116
5116
5116
5116
5116
5116
5116
5116
5116
5116
5116
5116
5116
5116
5111
5111
5111
5111
5111
5111
5111
5111
5111
5111
5111
5111
5111
5111
5111
5112
5112
5112
5112
5112
5116
5121
5120
5120
5126
5115
5115
5116
5116
5116
5115
5116
5116
5116
5116
5125
5116
5115
5115
5116
5116
5116
5116
5116
5116
5116
5116
5116
5116
5116
5116
5116
5115
5115
5116
5116
5116
5116
5116
5116
5116
5116
5116
5116
5116
5116
5116
5116
5116
5116
5116
5116
5117
5116
5116
5116
5116
5116
5121
5116
5116
5116
5116
5116
5116
5116
5131
5115
5116
5116
5116
5116
5116
5116
5116
5116
5116
5116
5116
5116
5116
5116
5116
5116
5116
5116
5116
5128
5115
5115
5115
5114
5114
5114
5114
5114
5114
5114
5114
5114
5115
5115
5115
5115
5115
5115
5115
5114
5114
5114
5114
5114
5114
5114
5114
5114
5124
5115
5114
5114
5115
5114
5114
5114
5115
5115
5115
5115
5115
5115
5115
5115
5115
5115
5114
5115
5115
5115
5115
5115
5115
5115
5115
5115
5115
5115
5117
5115
5115
5115
5115
5115
5115
5115
5135
5115
5115
5115
5115
5115
5115
5115
5115
5115
5115
5116
5115
5115
5115
5115
5115
5116
5116
5115
5115
5115
5115
5115
5115
5115
5115
5115
5115
5116
5115
5115
5115
5115
5115
5115
5116
5115
5115
5116
5115
5115
5115
5116
5116
5116
5116
5116
5116
5116
5116
5116
5116
5115
5115
5116
5115
5116
5116
5116
5116
5116
5116
5116
5117
5116
5116
5116
5116
5116
5122
5122
5122
5122
5122
5122
5122
5122
5122
5142
5122
5122
5122
5122
5122
5122
5123
5123
5123
5123
5123
5123
5122
5122
5122
5123
5123
5123
5123
5123
5123
5123
5123
5123
5123
5123
5123
5123
5123
5123
5123
5123
5123
5123
5123
5123
5123
5123
5123
5123
5123
5123
5124
5123
5123
5123
5123
5123
5123
5123
5123
5123
5123
5123
5124
5123
5124
5124
5123
5123
5124
5124
5124
5124
5124
5124
5124
5124
5124
5124
5124
5124
5124
5124
5124
5124
5125
5125
5125
5125
5125
5125
5125
5125
5125
5126
5125
5125
5125
5125
5125
5125
5125
5125
5126
5125
5126
5126
5126
5126
5126
5126
5125
5125
5126
5125
5125
5125
5126
5126
5126
5126
5126
5126
5126
5125
5125
5126
5126
5126
5126
5126
5126
5126
5126
5126
5126
5126
5126
5126
5126
5126
5126
5126
5126
5126
5126
5126
5126
5126
5126
5126
5126
5126
5126
5126
5126
5126
5126
5126
5127
5127
5127
5127
5126
5144
5127
5127
5127
5127
5127
5127
5127
5127
5127
5127
5127
5127
5127
5127
5127
5127
5127
5127
5127
5127
5127
5127
5127
5127
5127
5127
5127
5127
5127
5127
5127
5127
5127
5127
5128
5128
5128
5128
5143
5128
5128
5128
5128
5128
5128
5128
5129
5129
5129
5129
5128
5128
5128
5128
5128
5128
5128
5128
5129
5129
5129
5129
5129
5129
5129
5129
5129
5129
5129
5129
5129
5129
5129
5129
5129
5129
5129
5129
5129
5129
5129
5129
5129
5129
5129
5130
5129
5129
5129
5129
5129
5129
5129
5129
5129
5129
5129
5129
5129
5129
5129
5131
5130
5130
5130
5130
5130
5130
5130
5130
5130
5130
5130
5130
5130
5130
5130
5130
5130
5130
5130
5130
5130
5131
5131
5130
5130
5130
5130
5130
5130
5130
5131
5130
5130
5130
5131
5131
5131
5131
5130
5130
5131
5130
5130
5131
5131
5131
5131
5131
5131
5131
5131
5131
5131
5131
5131
5131
5131
5131
5131
5131
5131
5131
5150
5131
5131
5131
5131
5132
5131
5131
5131
5145
5132
5132
5132
5132
5132
5132
5131
5131
5131
5131
5131
5132
5132
5132
5132
5132
5132
5132
5132
5132
5132
5132
5132
5132
5132
5132
5132
5132
5132
5132
5133
5133
5133
5132
5132
5132
5132
5132
5133
5133
5133
5133
5133
5133
5132
5132
5132
5132
5132
5132
5133
5133
5133
5133
5133
5133
5133
5133
5133
5133
5132
5132
5132
5132
5132
5132
5133
5133
5133
5133
5133
5133
5133
5133
5133
5133
5133
5133
5133
5133
5133
5133
5133
5133
5133
5133
5134
5133
5133
5133
5133
5133
5134
5136
5136
5136
5137
5136
5136
5136
5136
5136
5136
5136
5136
5137
5136
5136
5136
5137
5137
5137
5137
5137
5137
5137
5137
5137
5137
5137
5137
5137
5137
5137
5137
5137
5137
5137
5151
5137
5137
5137
5137
5137
5137
5137
5137
5137
5137
5137
5137
5137
5137
5136
5136
5136
5137
5137
5137
5137
5137
5138
5137
5137
5137
5137
5137
5137
5137
5137
5137
5137
5137
5137
5138
5137
5137
5137
5137
5137
5137
5137
5137
5137
5138
5137
5137
5137
5138
5137
5138
5138
5138
5138
5140
5140
5140
5139
5140
5140
5140
5140
5140
5140
5140
5140
5140
5140
5140
5140
5140
5140
5139
5139
5139
5139
5139
5139
5139
5139
5140
5140
5140
5140
5140
5140
5140
5145
5140
5140
5140
5140
5140
5140
5140
5140
5139
5139
5139
5139
5140
5139
5139
5139
5140
5139
5139
5139
5139
5139
5156
5139
5139
5139
5140
5139
5139
5139
5139
5139
5139
5139
5139
5139
5139
5139
5139
5139
5139
5139
5139
5162
5140
5140
5140
5140
5138
5138
5138
5138
5138
5139
5138
5161
5139
5138
5138
5138
5138
5138
5149
5141
5141
5141
5141
5141
5141
5141
5141
5141
5141
5141
5156
5141
5141
5141
5141
5141
5141
5141
5141
5141
5141
5141
5141
5141
5141
5141
5141
5141
5141
5141
5141
5141
5142
5141
5142
5142
5142
5142
5142
5141
5141
5141
5141
5142
5142
5142
5142
5142
5142
5142
5142
5142
5142
5143
5142
5142
5142
5142
5142
5142
5143
5142
5142
5143
5142
5142
5143
5143
5143
5143
5143
5143
5143
5143
5143
5143
5142
5143
5143
5143
5143
5143
5143
5143
5143
5142
5142
5142
5142
5142
5142
5142
5142
5142
5142
5142
5142
5143
5143
5143
5142
5142
5142
5150
5145
5145
5145
5145
5146
5146
5146
5146
5146
5146
5146
5145
5145
5145
5146
5145
5146
5146
5146
5146
5146
5146
5146
5146
5146
5146
5146
5146
5146
5146
5146
5146
5146
5146
5146
5146
5146
5146
5146
5146
5146
5146
5146
5146
5146
5146
5146
5146
5146
5146
5146
5146
5162
5145
5145
5145
5145
5145
5145
5145
5146
5145
5145
5132
5132
5132
5131
5131
5133
5132
5132
5141
5132
5132
5136
5132
5132
5132
5133
5132
5132
5132
5147
5133
5133
5133
5133
5133
5133
5148
5132
5132
5132
5133
5133
5133
5133
5133
5140
5137
5137
5137
5137
5136
5136
5136
5136
5136
5136
5136
5136
5136
5136
5136
5136
5136
5136
5136
5136
5136
5136
5136
5136
5136
5137
5136
5136
5136
5136
5136
5137
5136
5136
5136
5136
5136
5136
5136
5136
5136
5136
5136
5136
5136
5136
5136
5136
5136
5136
5136
5141
5141
5141
5141
5141
5141
5141
5141
5141
5141
5141
5141
5141
5141
5141
5140
5140
5140
5140
5146
5141
5141
5141
5141
5141
5141
5141
5141
5141
5141
5141
5141
5141
5141
5141
5141
5162
5141
5141
5141
5141
5142
5141
5141
5141
5141
5141
5141
5141
5141
5141
5141
5141
5142
5141
5142
5142
5141
5141
5142
5142
5142
5142
5142
5142
5142
5142
5142
5142
5142
5142
5142
5141
5141
5142
5141
5142
5142
5142
5142
5142
5141
5141
5141
5142
5141
5141
5141
5142
5142
5142
5142
5142
5142
5141
5141
5142
5150
5140
5140
5140
5141
5141
5141
5141
5141
5140
5140
5141
5141
5141
5141
5141
5141
5141
5141
5141
5141
5141
5141
5141
5141
5141
5141
5141
5141
5141
5141
5141
5142
5141
5141
5141
5141
5141
5141
5141
5141
5141
5141
5141
5141
5141
5141
5141
5141
5141
5142
5142
5142
5142
5142
5141
5141
5141
5141
5141
5142
5141
5142
5142
5142
5142
5142
5142
5142
5142
5154
5142
5142
5142
5142
5143
5143
5143
5143
5142
5142
5142
5142
5142
5142
5142
5142
5143
5140
5140
5140
5140
5140
5140
5140
5140
5140
5140
5140
5140
5140
5140
5140
5140
5140
5140
5140
5140
5140
5140
5140
5140
5140
5141
5141
5141
5141
5141
5141
5140
5141
5141
5141
5141
5141
5141
5141
5141
5141
5141
5141
5141
5141
5141
5141
5141
5141
5141
5141
5141
5141
5141
5141
5141
5141
5141
5141
5141
5141
5141
5141
5141
5141
5141
5141
5141
5141
5141
5141
5141
5141
5141
5141
5141
5141
5141
5141
5141
5148
5141
5141
5141
5141
5141
5141
5141
5141
5141
5141
5142
5141
5142
5142
5141
5141
5141
5141
5141
5142
5141
5142
5142
5142
5142
5142
5142
5142
5142
5141
5142
5141
5143
5143
5143
5143
5143
5143
5143
5143
5143
5142
5142
5142
5142
5142
5143
5143
5143
5143
5144
5143
5143
5143
5143
5144
5143
5143
5143
5143
5143
5143
5143
5147
5143
5143
5143
5143
5143
5143
5143
5143
5143
5144
5144
5143
5143
5143
5143
5143
5143
5143
5143
5144
5143
5143
5143
5143
5144
5144
5144
5144
5144
5143
5143
5143
5143
5143
5143
5143
5144
5144
5144
5144
5144
5144
5144
5144
5144
5144
5144
5144
5144
5144
5144
5144
5144
5144
5144
5144
5144
5144
5144
5144
5144
5144
5144
5144
5145
5145
5144
5144
5145
5144
5145
5144
5144
5144
5145
5147
5145
5145
5145
5144
5144
5144
5144
5145
5145
5145
5145
5145
5145
5144
5145
5145
5145
5145
5145
5145
5145
5145
5145
5145
5144
5145
5144
5144
5145
5145
5145
5145
5145
5145
5146
5145
5145
5145
5145
5145
5145
5145
5145
5145
5147
5147
5147
5147
5147
5147
5147
5147
5147
5147
5147
5147
5147
5147
5147
5147
5147
5147
5147
5147
5147
5147
5147
5147
5147
5147
5147
5155
5146
5146
5146
5146
5146
5146
5146
5146
5147
5147
5146
5146
5146
5146
5146
5146
5146
5146
5146
5151
5147
5147
5147
5147
5147
5147
5147
5147
5142
5141
5141
5141
5141
5141
5141
5141
5141
5142
5140
5140
5140
5140
5140
5140
5140
5141
5140
5140
5141
5141
5141
5140
5140
5141
5140
5140
5140
5140
5140
5141
5141
5141
5141
5141
5141
5141
5140
5140
5140
5140
5140
5140
5141
5141
5141
5141
5141
5141
5141
5141
5141
5141
5141
5141
5141
5141
5141
5141
5141
5141
5141
5141
5141
5141
5141
5141
5141
5141
5142
5142
5142
5142
5142
5142
5142
5141
5141
5141
5141
5141
5141
5144
5144
5144
5164
5149
5147
5147
5147
5146
5146
5146
5146
5146
5146
5146
5147
5147
5147
5147
5147
5147
5147
5147
5147
5147
5147
5147
5147
5147
5147
5147
5147
5147
5147
5147
5147
5146
5148
5148
5148
5148
5148
5149
5149
5148
5148
5148
5148
5149
5149
5149
5149
5149
5148
5148
5148
5148
5148
5148
5148
5148
5148
5149
5148
5149
5149
5149
5149
5149
5149
5148
5150
5150
5151
5150
5150
5150
5150
5150
5150
5151
5150
5151
5151
5151
5151
5151
5150
5150
5151
5151
5151
5151
5151
5151
5151
5151
5151
5151
5151
5151
5151
5151
5151
5151
5151
5151
5151
5151
5151
5151
5153
5153
5153
5153
5153
5153
5153
5153
5154
5155
5155
5155
5155
5154
5154
5155
5155
5155
5155
5155
5169
5154
5154
5154
5154
5154
5154
5154
5154
5156
5157
5157
5157
5157
5157
5156
5156
5175
5156
5156
5156
5156
5156
5157
5156
5157
5157
5157
5157
5157
5157
5157
5157
5156
5156
5156
5156
5156
5156
5156
5156
5156
5156
5156
5161
5161
5161
5161
5161
5161
5161
5161
5161
5161
5167
5161
5161
5161
5161
5161
5161
5161
5161
5161
5162
5161
5161
5161
5161
5161
5161
5161
5161
5162
5162
5162
5162
5162
5162
5162
5162
5162
5162
5161
5172
5161
5161
5161
5169
5161
5161
5161
5161
5161
5161
5161
5161
5161
5161
5161
5161
5161
5161
5161
5161
5161
5161
5162
5161
5161
5161
5161
5161
5161
5161
5161
5161
5161
5161
5161
5161
5182
5161
5161
5162
5161
5161
5161
5161
5161
5161
5161
5163
5162
5161
5161
5161
5161
5161
5162
5161
5161
5162
5162
5162
5161
5161
5161
5161
5161
5161
5162
5162
5162
5162
5162
5162
5162
5162
5162
5162
5162
5162
5162
5162
5162
5162
5162
5162
5162
5163
5162
5162
5162
5162
5162
5162
5162
5162
5163
5162
5162
5162
5162
5163
5163
5163
5163
5163
5162
5162
5162
5162
5162
5162
5162
5162
5163
5163
5163
5162
5162
5162
5162
5163
5163
5163
5163
5163
5163
5163
5163
5163
5163
5163
5163
5163
5163
5163
5163
5176
5163
5163
5163
5164
5163
5163
5163
5163
5163
5163
5163
5164
5164
5163
5163
5163
5163
5163
5163
5163
5163
5163
5164
5164
5164
5164
5164
5164
5164
5164
5164
5164
5164
5164
5164
5164
5164
5164
5164
5164
5165
5164
5164
5164
5164
5164
5164
5164
5164
5164
5164
5165
5165
5165
5164
5164
5164
5165
5165
5165
5165
5164
5164
5164
5164
5164
5165
5165
5165
5165
5165
5165
5165
5165
5165
5165
5165
5165
5165
5165
5165
5165
5165
5165
5165
5165
5165
5165
5165
5165
5165
5165
5165
5165
5165
5166
5165
5166
5165
5165
5166
5165
5165
5165
5166
5165
5165
5165
5165
5165
5165
5165
5165
5171
5166
5165
5165
5165
5165
5165
5165
5165
5166
5166
5166
5166
5166
5166
