4333
4336
4338
4347
4367
4362
4372
4369
4361
4361
4363
4364
4362
4362
4362
4362
4362
4363
4363
4363
4362
4362
4362
4365
4365
4366
4366
4366
4367
4369
4369
4369
4369
4369
4384
4368
4368
4369
4368
4370
4369
4369
4369
4370
4370
4370
4370
4370
4373
4373
4373
4373
4373
4373
4373
4373
4373
4373
4373
4373
4374
4374
4374
4374
4374
4375
4374
4374
4374
4374
4374
4374
4374
4375
4375
4375
4375
4375
4375
4375
4375
4375
4375
4375
4375
4377
4378
4378
4378
4378
4378
4372
4372
4372
4372
4372
4373
4375
4373
4373
4373
4374
4373
4373
4373
4373
4375
4375
4375
4375
4375
4375
4376
4376
4376
4376
4377
4378
4378
4378
4378
4378
4378
4380
4380
4380
4380
4380
4380
4382
4377
4377
4377
4377
4377
4377
4377
4377
4377
4377
4377
4377
4377
4378
4378
4378
4378
4378
4378
4378
4378
4378
4378
4378
4378
4378
4381
4380
4380
4380
4380
4380
4380
4381
4381
4381
4382
4382
4383
4382
4382
4382
4382
4381
4381
4382
4382
4381
4382
4382
4382
4382
4382
4383
4383
4383
4383
4383
4383
4382
4382
4382
4382
4383
4382
4382
4382
4383
4383
4383
4383
4383
4385
4385
4386
4386
4386
4386
4386
4386
4386
4387
4386
4386
4386
4386
4386
4386
4386
4386
4387
4387
4386
4396
4387
4387
4387
4387
4387
4387
4387
4387
4387
4387
4387
4387
4387
4387
4390
4390
4390
4390
4390
4390
4390
4390
4390
4390
4391
4391
4391
4391
4391
4391
4392
4392
4392
4392
4392
4392
4392
4392
4392
4392
4392
4393
4393
4393
4393
4393
4395
4395
4395
4395
4395
4395
4410
4396
4396
4396
4396
4396
4396
4396
4397
4397
4399
4398
4399
4399
4399
4399
4398
4398
4398
4398
4400
4400
4400
4400
4400
4400
4400
4400
4401
4400
4402
4401
4401
4401
4401
4401
4401
4401
4401
4401
4402
4401
4401
4401
4401
4403
4404
4403
4404
4404
4404
4404
4404
4404
4405
4405
4405
4405
4405
4405
4404
4405
4405
4405
4405
4417
4404
4404
4404
4404
4404
4405
4405
4405
4405
4405
4405
4405
4407
4408
4408
4408
4408
4408
4408
4408
4408
4408
4409
4411
4410
4410
4410
4410
4410
4410
4410
4410
4410
4410
4415
4410
4410
4410
4411
4410
4410
4410
4412
4412
4412
4412
4412
4412
4412
4412
4412
4412
4412
4412
4413
4412
4412
4412
4418
4413
4413
4413
4413
4413
4413
4413
4413
4413
4413
4413
4400
4400
4400
4400
4400
4400
4400
4399
4399
4399
4399
4399
4399
4402
4402
4402
4402
4402
4402
4402
4402
4402
4402
4402
4402
4402
4402
4402
4402
4401
4401
4401
4401
4401
4401
4422
4402
4402
4402
4402
4402
4402
4402
4402
4401
4401
4401
4402
4403
4402
4402
4402
4402
4403
4403
4403
4403
4403
4403
4403
4403
4403
4403
4407
4407
4407
4407
4406
4406
4406
4406
4407
4407
4408
4408
4408
4408
4408
4408
4408
4408
4408
4408
4408
4408
4409
4408
4409
4409
4409
4409
4409
4409
4409
4409
4408
4408
4408
4408
4408
4408
4408
4409
4409
4409
4409
4409
4408
4408
4408
4408
4408
4409
4414
4412
4412
4412
4412
4420
4412
4412
4413
4412
4412
4412
4412
4412
4412
4412
4412
4413
4412
4413
4413
4413
4414
4414
4414
4414
4414
4414
4414
4413
4413
4413
4413
4414
4414
4414
4414
4414
4414
4414
4414
4414
4414
4414
4414
4414
4414
4414
4414
4414
4414
4414
4414
4414
4414
4414
4414
4414
4414
4414
4415
4415
4415
4415
4415
4416
4416
4416
4416
4416
4416
4415
4415
4416
4416
4416
4416
4416
4416
4416
4416
4416
4417
4416
4416
4416
4421
4416
4416
4416
4416
4417
4416
4416
4417
4417
4417
4417
4417
4416
4417
4416
4433
4417
4417
4417
4417
4417
4417
4417
4417
4417
4417
4417
4417
4417
4417
4417
4417
4418
4418
4418
4418
4418
4418
4418
4417
4417
4417
4417
4417
4418
4418
4418
4418
4418
4418
4418
4418
4418
4418
4417
4417
4417
4418
4418
4418
4418
4418
4418
4418
4418
4418
4418
4418
4418
4418
4418
4418
4418
4419
4423
4419
4419
4419
4420
4419
4419
4419
4420
4420
4420
4420
4420
4420
4420
4420
4421
4420
4420
4420
4425
4421
4421
4421
4421
4420
4420
4421
4420
4420
4421
4421
4421
4421
4421
4421
4422
4422
4422
4422
4422
4422
4422
4422
4422
4422
4422
4422
4421
4421
4422
4414
4414
4414
4414
4414
4414
4414
4414
4414
4414
4414
4414
4415
4414
4414
4414
4414
4415
4414
4414
4414
4414
4415
4415
4415
4415
4415
4416
4415
4415
4415
4415
4415
4415
4415
4415
4415
4415
4415
4415
4415
4415
4415
4415
4415
4415
4414
4414
4414
4415
4415
4415
4415
4415
4415
4415
4415
4415
4415
4414
4414
4414
4414
4414
4415
4414
4414
4414
4418
4416
4416
4416
4416
4416
4416
4416
4416
4416
4416
4416
4416
4416
4417
4429
4416
4416
4416
4416
4416
4416
4416
4417
4416
4416
4417
4417
4417
4417
4417
4418
4417
4418
4418
4418
4418
4418
4418
4418
4422
4417
4418
4417
4417
4417
4418
4418
4418
4418
4418
4418
4418
4418
4418
4418
4418
4418
4418
4418
4418
4418
4418
4418
4418
4418
4418
4418
4418
4418
4418
4418
4418
4418
4418
4418
4419
4419
4419
4419
4419
4419
4419
4418
4418
4418
4418
4418
4419
4418
4418
4418
4419
4419
4419
4419
4419
4419
4419
4420
4420
4420
4420
4420
4420
4420
4421
4420
4420
4422
4422
4422
4422
4422
4422
4422
4422
4422
4422
4422
4422
4422
4422
4422
4422
4423
4422
4422
4422
4428
4424
4424
4424
4424
4424
4425
4425
4425
4425
4425
4425
4425
4425
4425
4425
4425
4425
4425
4425
4425
4425
4425
4425
4426
4425
4425
4425
4425
4425
4425
4425
4425
4425
4425
4426
4425
4425
4425
4425
4425
4425
4425
4425
4425
4425
4425
4425
4425
4425
4425
4425
4425
4425
4425
4425
4425
4425
4425
4425
4425
4426
4425
4426
4427
4425
4425
4425
4425
4425
4429
4429
4429
4430
4430
4430
4428
4432
4432
4431
4431
4431
4430
4430
4430
4430
4430
4430
4431
4430
4431
4431
4431
4431
4431
4431
4431
4431
4431
4431
4431
4431
4431
4431
4431
4431
4431
4431
4431
4431
4431
4431
4431
4431
4431
4431
4431
4431
4431
4426
4426
4426
4426
4426
4426
4426
4427
4427
4427
4427
4426
4426
4426
4426
4426
4426
4426
4426
4426
4427
4426
4426
4427
4427
4427
4427
4426
4426
4426
4426
4426
4426
4426
4427
4426
4426
4426
4426
4426
4426
4426
4426
4426
4426
4426
4426
4426
4426
4427
4426
4426
4427
4426
4426
4426
4426
4426
4426
4426
4426
4427
4427
4426
4426
4426
4426
4426
4426
4427
4427
4427
4427
4427
4429
4430
4430
4430
4428
4428
4429
4429
4429
4429
4430
4428
4428
4428
4428
4428
4428
4428
4428
4428
4428
4428
4428
4428
4428
4428
4428
4428
4450
4428
4428
4428
4428
4428
4428
4428
4428
4428
4428
4429
4429
4429
4428
4429
4428
4428
4428
4429
4429
4429
4429
4429
4429
4429
4429
4429
4429
4429
4429
4429
4429
4429
4428
4428
4428
4428
4428
4428
4428
4428
4429
4428
4428
4428
4428
4429
4429
4429
4429
4429
4429
4429
4428
4428
4428
4428
4432
4428
4428
4428
4428
4428
4428
4429
4429
4429
4429
4429
4429
4428
4429
4429
4429
4429
4429
4429
4429
4429
4429
4428
4429
4429
4429
4429
4429
4429
4429
4429
4429
4429
4429
4429
4429
4429
4429
4430
4430
4429
4429
4429
4429
4429
4429
4429
4429
4430
4429
4429
4429
4429
4430
4430
4430
4430
4442
4430
4430
4430
4430
4430
4431
4430
4430
4430
4430
4431
4430
4430
4430
4430
4430
4430
4430
4430
4430
4430
4430
4431
4431
4453
4430
4430
4431
4431
4431
4431
4431
4431
4431
4431
4431
4431
4431
4431
4431
4431
4431
4431
4431
4431
4432
4432
4432
4432
4431
4431
4431
4431
4431
4427
4427
4427
4427
4427
4427
4427
4428
4427
4427
4428
4427
4439
4428
4428
4428
4428
4428
4428
4428
4427
4427
4427
4427
4428
4428
4428
4428
4428
4428
4428
4428
4428
4428
4428
4428
4428
4428
4428
4428
4428
4428
4428
4428
4429
4429
4429
4429
4429
4429
4434
4431
4431
4431
4431
4431
4432
4432
4432
4432
4432
4432
4432
4432
4432
4432
4432
4431
4431
4431
4431
4449
4432
4432
4432
4432
4432
4432
4432
4432
4432
4432
4432
4432
4432
4432
4432
4432
4432
4432
4432
4432
4433
4432
4432
4432
4432
4432
4432
4432
4431
4431
4430
4430
4430
4430
4431
4431
4431
4431
4431
4431
4430
4430
4430
4430
4430
4430
4431
4430
4431
4430
4430
4431
4430
4430
4430
4430
4430
4431
4430
4431
4431
4431
4431
4431
4431
4431
4431
4430
4430
4430
4430
4430
4430
4430
4431
4430
4431
4431
4431
4431
4431
4432
4432
4432
4432
4433
4432
4433
4433
4433
4433
4433
4433
4433
4433
4433
4433
4433
4433
4433
4433
4433
4433
4447
4433
4433
4433
4433
4433
4433
4433
4433
4433
4439
4433
4433
4433
4433
4433
4433
4433
4433
4433
4433
4433
4434
4434
4434
4433
4433
4434
4433
4433
4433
4433
4434
4434
4434
4434
4434
4434
4434
4434
4434
4434
4433
4433
4433
4433
4433
4433
4433
4449
4433
4433
4433
4433
4433
4445
4433
4455
4433
4433
4433
4433
4433
4433
4433
4433
4433
4433
4433
4433
4433
4433
4433
4433
4434
4434
4434
4434
4434
4434
4433
4433
4433
4434
4433
4433
4433
4434
4434
4434
4434
4434
4435
4434
4434
4434
4434
4434
4434
4434
4434
4434
4434
4434
4434
4434
4434
4434
4434
4434
4434
4435
4434
4434
4434
4434
4434
4434
4435
4435
4435
4435
4435
4435
4435
4435
4435
4435
4435
4436
4435
4435
4435
4435
4435
4435
4435
4450
4447
4436
4436
4436
4436
4436
4436
4436
4436
4436
4437
4436
4436
4436
4436
4436
4436
4436
4436
4437
4436
4436
4437
4436
4439
4437
4437
4437
4437
4437
4453
4437
4437
4437
4437
4437
4437
4437
4438
4437
4437
4437
4437
4437
4437
4437
4437
4437
4437
4437
4437
4446
4437
4437
4437
4437
4438
4437
4437
4437
4437
4437
4437
4437
4437
4437
4437
4437
4438
4437
4437
4437
4437
4437
4438
4438
4438
4438
4438
4438
4438
4438
4438
4438
4438
4438
4438
4438
4438
4438
4438
4438
4438
4438
4438
4438
4438
4438
4438
4438
4438
4439
4439
4439
4439
4439
4438
4438
4438
4438
4438
4439
4439
4439
4439
4439
4439
4439
4439
4439
4439
4439
4439
4439
4439
4439
4439
4439
4439
4439
4440
4452
4440
4440
4440
4440
4440
4440
4439
4440
4439
4439
4439
4439
4439
4440
4440
4440
4440
4440
4440
4440
4440
4440
4440
4440
4440
4440
4440
4440
4440
4440
4440
4463
4440
4440
4441
4440
4440
4440
4441
4440
4440
4440
4440
4440
4440
4440
4440
4440
4441
4441
4440
4440
4440
4440
4440
4440
4445
4441
4441
4441
4441
4441
4441
4441
4441
4441
4441
4441
4441
4441
4441
4441
4441
4441
4441
4441
4441
4441
4441
4441
4441
4441
4441
4441
4441
4441
4441
4441
4441
4441
4441
4441
4442
4441
4441
4441
4441
4441
4442
4442
4442
4442
4442
4442
4442
4442
4442
4442
4443
4442
4442
4442
4442
4442
4442
4442
4442
4443
4442
4442
4442
4442
4442
4442
4442
4442
4443
4442
4442
4443
4442
4444
4443
4443
4443
4444
4444
4443
4443
4443
4443
4443
4443
4443
4443
4443
4443
4444
4443
4443
4443
4443
4444
4444
4444
4444
4444
4444
4444
4444
4444
4443
4443
4444
4444
4444
4444
4444
4444
4444
4444
4444
4444
4444
4444
4444
4444
4444
4444
4444
4444
4444
4444
4444
4444
4444
4444
4444
4444
4444
4444
4444
4444
4445
4444
4444
4444
4444
4444
4444
4444
4444
4444
4444
4445
4445
4445
4445
4445
4445
4445
4444
4444
4445
4445
4445
4445
4445
4445
4445
4445
4445
4445
4445
4445
4445
4445
4445
4445
4445
4445
4445
4445
4445
4445
4445
4445
4446
4445
4445
4445
4445
4445
4446
4450
4445
4446
4445
4445
4445
4445
4445
4446
4446
4446
4446
4446
4446
4446
4446
4446
4446
4447
4446
4447
4446
4446
4446
4446
4446
4446
4446
4447
4447
4446
4446
4465
4447
4447
4459
4447
4447
4447
4447
4447
4447
4461
4447
4447
4447
4447
4447
4448
4448
4448
4448
4448
4448
4448
4448
4448
4448
4448
4448
4448
4448
4448
4448
4448
4448
4448
4448
4448
4449
4448
4448
4448
4448
4448
4449
4448
4448
4448
4448
4448
4448
4448
4448
4449
4449
4449
4449
4449
4449
4449
4449
4449
4449
4449
4450
4448
4448
4448
4448
4449
4448
4448
4449
4448
4462
4449
4449
4449
4449
4449
4449
4449
4450
4449
4449
4449
4449
4460
4450
4450
4450
4450
4450
4450
4450
4450
4450
4449
4449
4449
4450
4449
4449
4449
4450
4450
4450
4450
4450
4450
4450
4450
4450
4450
4450
4450
4450
4450
4450
4450
4450
4450
4450
4450
4450
4450
4449
4449
4450
4449
4449
4450
4450
4450
4450
4450
4450
4451
4450
4450
4450
4450
4450
4450
4450
4450
4450
4450
4450
4450
4450
4450
4450
4451
4450
4451
4450
4450
4450
4450
4450
4450
4450
4450
4450
4451
4450
4450
4450
4452
4450
4451
4451
4451
4451
4451
4451
4451
4451
4451
4451
4451
4451
4451
4451
4451
4451
4451
4451
4451
4463
4451
4451
4451
4451
4451
4451
4451
4451
4451
4451
4451
4451
4451
4451
4451
4451
4451
4451
4451
4452
4451
4451
4451
4451
4451
4458
4451
4451
4451
4451
4451
4451
4451
4451
4451
4451
4451
4451
4451
4451
4451
4451
4451
4451
4451
4451
4451
4451
4451
4451
4451
4451
4451
4451
4451
4451
4452
4451
4451
4451
4451
4451
4451
4451
4451
4452
4451
4451
4451
4451
4452
4452
4452
4452
4452
4452
4452
4451
4451
4452
4452
4452
4452
4452
4452
4452
4452
4452
4452
4452
4452
4452
4452
4452
4452
4452
4452
4452
4452
4452
4452
4452
4453
4452
4452
4453
4453
4453
4453
4453
4453
4453
4453
4452
4452
4452
4452
4452
4453
4453
4453
4453
4453
4453
4457
4453
4453
4453
4453
4453
4453
4453
4453
4453
4453
4453
4453
4453
4454
4454
4454
4454
4454
4454
4454
4454
4454
4454
4454
4454
4454
4454
4454
4454
4454
4454
4454
4454
4454
4454
4454
4454
4454
4454
4454
4454
4454
4455
4454
4454
4454
4454
4454
4455
4455
4455
4455
4455
4455
4455
4454
4454
4454
4454
4455
4455
4455
4455
4455
4445
4441
4441
4441
4441
4442
4441
4441
4441
4442
4442
4442
4442
4442
4442
4442
4442
4442
4455
4442
4442
4442
4442
4442
4442
4442
4442
4442
4442
4442
4442
4442
4442
4442
4442
4442
4442
4442
4442
4442
4442
4442
4443
4442
4442
4442
4442
4442
4442
4442
4442
4442
4442
4442
4442
4442
4442
4443
4442
4442
4443
4442
4442
4443
4443
4443
4443
4443
4443
4443
4443
4442
4442
4442
4442
4443
4442
4442
4442
4443
4446
4446
4446
4444
4444
4444
4444
4445
4445
4445
4445
4444
4444
4444
4444
4444
4444
4445
4445
4445
4445
4445
4445
4445
4445
4445
4445
4445
4445
4445
4445
4445
4445
4445
4445
4445
4445
4445
4445
4445
4445
4445
4445
4447
4445
4445
4445
4445
4445
4445
4445
4445
4445
4445
4445
4445
4445
4445
4445
4445
4445
4445
4445
4446
4445
4445
4446
4446
4446
4445
4445
4445
4445
4445
4445
4445
4445
4445
4446
4446
4446
4446
4446
4446
4446
4446
4446
4446
4446
4446
4446
4446
4446
4446
4446
4446
4446
4446
4447
4446
4447
4448
4446
4446
4446
4446
4446
4446
4446
4446
4446
4446
4446
4446
4446
4446
4446
4446
4447
4446
4446
4446
4446
4447
4446
4446
4446
4447
4446
4447
4447
4447
4447
4447
4447
4447
4446
4447
4447
4447
4447
4446
4447
4446
4446
4446
4447
4447
4447
4447
4447
4447
4447
4447
4447
4447
4447
4447
4465
4448
4448
4448
4448
4448
4449
4448
4448
4448
4448
4448
4448
4448
4448
4448
4448
4448
4448
4448
4448
4448
4448
4448
4448
4448
4448
4448
4448
4448
4448
4448
4448
4448
4448
4448
4448
4449
4449
4449
4448
4448
4448
4449
4448
4448
4448
4448
4448
4448
4448
4449
4449
4449
4449
4450
4449
4449
4449
4449
4449
4449
4449
4449
4449
4449
4449
4449
4446
4446
4446
4447
4446
4446
4446
4448
4448
4448
4448
4448
4448
4448
4448
4449
4448
4448
4448
4449
4449
4449
4449
4449
4449
4449
4449
4449
4449
4449
4449
4449
4449
4449
4449
4449
4449
4449
4449
4449
4449
4449
4449
4449
4449
4449
4449
4449
4449
4449
4449
4449
4449
4449
4449
4449
4449
4450
4449
4448
4448
4448
4449
4449
4449
4449
4449
4449
4449
4449
4449
4449
4449
4449
4449
4449
4449
4449
4449
4449
4449
4450
4450
4450
4450
4450
4449
4449
4449
4449
4449
4449
4449
4449
4449
4450
4449
4449
4449
4449
4449
4449
4450
4450
4450
4450
4449
4449
4449
4449
4450
4449
4449
4449
4450
4450
4450
4450
4450
4450
4452
4450
4450
4450
4450
4450
4450
4450
4450
4450
4450
4450
4450
4450
4450
4450
4464
4450
4450
4450
4450
4451
4450
4450
4450
4450
4450
4450
4450
4450
4451
4450
4450
4450
4450
4450
4450
4451
4451
4451
4451
4451
4463
4451
4451
4451
4451
4451
4451
4452
4451
4451
4451
4451
4451
4452
4452
4452
4452
4452
4451
4451
4451
4451
4451
4451
4451
4452
4452
4452
4452
4452
4452
4452
4452
4452
4452
4452
4452
4452
4452
4452
4452
4452
4452
4452
4452
4452
4452
4452
4452
4452
4452
4452
4452
4453
4452
4452
4452
4452
4452
4452
4452
4452
4452
4453
4452
4452
4452
4452
4453
4453
4453
4453
4452
4453
4453
4453
4453
4453
4453
4453
4453
4453
4453
4453
4453
4453
4452
4452
4452
4453
4453
4453
4453
4453
4453
4453
4453
4453
4453
4454
4453
4453
4453
4453
4450
4450
4450
4450
4451
4451
4451
4451
4451
4451
4451
4451
4451
4451
4451
4451
4451
4451
4451
4451
4451
4451
4451
4451
4451
4451
4451
4451
4451
4451
4451
4451
4451
4452
4452
4452
4452
4452
4452
4451
4451
4451
4451
4451
4451
4451
4451
4451
4451
4451
4452
4452
4452
4452
4452
4452
4452
4447
4447
4447
4448
4447
4447
4447
4447
4447
4448
4448
4448
4468
4448
4448
4448
4448
4448
4448
4448
4448
4448
4448
4448
4448
4448
4448
4448
4448
4448
4449
4448
4448
4448
4448
4448
4448
4448
4448
4449
4448
4448
4448
4448
4448
4453
4449
4449
4449
4449
4448
4448
4448
4449
4449
4449
4449
4449
4450
4449
4449
4449
4449
4449
4449
4449
4449
4450
4449
4449
4450
4450
4449
4449
4451
4449
4449
4449
4449
4449
4449
4450
4450
4450
4450
4450
4450
4449
4449
4449
4449
4449
4449
4449
4450
4450
4449
4449
4449
4449
4449
4458
4450
4450
4450
4450
4449
4449
4449
4450
4450
4450
4450
4450
4450
4450
4450
4450
4449
4449
4449
4449
4450
4449
4449
4450
4450
4450
4450
4450
4450
4450
4450
4454
4450
4450
4450
4450
4450
4450
4450
4450
4450
4450
4450
4450
4450
4452
4450
4450
4451
4450
4450
4450
4450
4450
4450
4450
4450
4450
4450
4450
4450
4450
4450
4450
4450
4450
4450
4450
4450
4450
4450
4450
4450
4450
4450
4450
4450
4450
4450
4450
4449
4449
4449
4449
4450
4450
4450
4450
4450
4450
4450
4450
4450
4450
4450
4450
4450
4449
4449
4450
4450
4450
4450
4450
4450
4450
4450
4450
4450
4450
4450
4450
4450
4450
4450
4450
4450
4450
4450
4450
4449
4449
4449
4449
4449
4449
4449
4449
4449
4449
4450
4450
4450
4450
4450
4450
4450
4453
4450
4450
4450
4450
4450
4449
4450
4450
4450
4450
4450
4450
4450
4450
4450
4450
4450
4450
4450
4450
4450
4450
4450
4450
4450
4450
4450
4450
4450
4450
4450
4450
4450
4450
4450
4450
4450
4450
4450
4450
4450
4450
4450
4450
4450
4450
4450
4450
4450
4450
4450
4450
4450
4450
4450
4450
4450
4450
4458
4450
4450
4450
4450
4450
4450
4450
4450
4450
4450
4450
4450
4450
4450
4450
4450
4450
4450
4450
4450
4450
4450
4450
4450
4450
4450
4450
4450
4450
4450
4450
4450
4450
4450
4450
4450
4450
4451
4451
4451
4451
4451
4451
4451
4451
4450
4450
4450
4450
4450
4450
4450
4450
4451
4450
4450
4450
4450
4450
4451
4451
4451
4451
4451
4450
4450
4450
4451
4451
4451
4451
4451
4451
4451
4451
4451
4451
4463
4451
4451
4451
4451
4451
4451
4451
4451
4451
4451
4451
4451
4452
4451
4451
4451
4451
4451
4451
4451
4451
4452
4452
4451
4451
4451
4451
4451
4451
4451
4451
4452
4451
4451
4451
4476
4452
4452
4452
4452
4452
4452
4452
4452
4452
4452
4452
4452
4452
4453
4452
4452
4452
4452
4452
4452
4452
4452
4453
4452
4452
4453
4453
4453
4453
4452
4452
4453
4453
4453
4453
4453
4453
4453
4453
4453
4453
4453
4453
4453
4453
4453
4453
4453
4453
4453
4453
4453
4454
4453
4453
4454
4454
4454
4454
4454
4453
4453
4453
4454
4454
4454
4454
4454
4454
4454
4454
4454
4454
4454
4454
4454
4454
4454
4454
4454
4460
4454
4454
4454
4454
4454
4477
4455
4454
4454
4461
4454
4454
4454
4454
4454
4455
4454
4454
4454
4454
4455
4455
4455
4455
4455
4455
4476
4454
4454
4454
4454
4454
4454
4455
4455
4455
4455
4455
4455
4455
4455
4455
4455
4455
4455
4455
4457
4455
4455
4455
4455
4455
4455
4455
4455
4455
4455
4455
4456
4456
4456
4455
4456
4456
4456
4456
4456
4456
4456
4456
4456
4456
4456
4456
4456
4456
4456
4456
4456
4456
4478
4456
4456
4456
4457
4456
4456
4456
4457
4456
4456
4456
4457
4456
4456
4456
4457
4457
4457
4457
4457
4456
4457
4456
4456
4456
4457
4457
4457
4457
4457
4457
4457
4457
4457
4456
4457
4456
4456
4456
4456
4456
4457
4469
4457
4457
4457
4457
4457
4457
4457
4457
4457
4457
4458
4457
4457
4457
4457
4458
4458
4458
4458
4458
4457
4457
4457
4457
4457
4457
4457
4458
4458
4458
4458
4458
4458
4458
4458
4458
4458
4458
4458
4458
4458
4459
4458
4458
4458
4458
4458
4458
4459
4459
4459
4459
4459
4475
4458
4458
4458
4458
4459
4459
4459
4459
4459
4459
4459
4459
4459
4459
4459
4459
4459
4459
4459
4459
4459
4464
4460
4459
4460
4459
4459
4459
4459
4459
4459
4469
4460
4460
4460
4460
4460
4459
4459
4460
4460
4460
4460
4460
4460
4460
4460
4460
4460
4460
4460
4460
4460
4460
4460
4460
4460
4460
4460
4460
4461
4460
4460
4460
4460
4460
4460
4460
4460
4460
4460
4460
4461
4460
4460
4461
4460
4476
4461
4461
4461
4461
4461
4460
4461
4461
4460
4460
4460
4460
4460
4460
4465
4460
4461
4460
4460
4461
4461
4461
4461
4461
4461
4461
4461
4461
4461
4461
4461
4461
4461
4461
4461
4461
4461
4461
4461
4461
4461
4461
4461
4461
4461
4461
4461
4461
4461
4461
4461
4461
4461
4462
4461
4461
4461
4461
4461
4461
4461
4461
4461
4461
4461
4462
4461
4461
4461
4461
4461
4461
4461
4462
4461
4461
4461
4461
4461
4462
4462
4462
4462
4462
4462
4462
4462
4461
4461
4461
4462
4461
4462
4462
4462
4462
4462
4462
4462
4462
4462
4462
4462
4462
4462
4465
4462
4462
4462
4462
4462
4462
4462
4462
4462
4462
4462
4463
4463
4462
4462
4462
4462
4462
4462
4462
4463
4462
4462
4462
4462
4463
4462
4462
4462
4463
4463
4484
4462
4462
4462
4462
4463
4463
4463
4463
4463
4463
4463
4463
4463
4463
4463
4463
4463
4463
4463
4463
4463
4463
4463
4463
4463
4463
4463
4464
4464
4464
4464
4464
4474
4463
4464
4464
4464
4464
4464
4464
4464
4464
4464
4464
4464
4464
4464
4465
4465
4465
4465
4465
4465
4466
4465
4465
4465
4465
4465
4467
4465
4465
4466
4465
4465
4465
4465
4465
4465
4465
4465
4466
4466
4466
4466
4466
4466
4466
4466
4466
4466
4466
4466
4466
4466
4466
4466
4466
4466
4466
4466
4466
4466
4466
4466
4466
4466
4466
4466
4466
4466
4466
4466
4466
4466
4466
4466
4466
4466
4466
4466
4466
4466
4467
4466
4466
4466
4482
4466
4466
4466
4466
4466
4466
4467
4467
4467
4467
4467
4467
4467
4467
4467
4467
4467
4467
4467
4467
4467
4467
4467
4467
4467
4467
4467
4467
4467
4468
4468
4468
4468
4468
4467
4466
4467
4467
4467
4467
4467
4467
4467
4467
4467
4467
4468
4467
4467
4467
4467
4467
4467
4468
4483
4473
4472
4468
4468
4468
4468
4468
4468
4468
4469
4468
4468
4455
4455
4455
4455
4455
4455
4456
4455
4455
4455
4455
4456
4456
4456
4456
4456
4456
4455
4455
4455
4455
4455
4456
4456
4456
4456
4456
4456
4456
4456
4456
4456
4456
4456
4456
4456
4456
4456
4456
4456
4468
4456
4456
4456
4455
4456
4456
4456
4456
4456
4456
4456
4458
4456
4456
4456
4456
4457
4458
4457
4457
4458
4457
4457
4457
4457
4457
4457
4457
4457
4458
4478
4457
4457
4457
4457
4458
4458
4458
4458
4458
4458
4458
4458
4457
4457
4457
4457
4457
4458
4457
4458
4458
4458
4458
4474
4458
4458
4458
4458
4458
4458
4458
4458
4458
4458
4459
4459
4459
4459
4459
4459
4459
4459
4458
4458
4459
4464
4458
4458
4458
4458
4458
4458
4458
4458
4458
4458
4458
4458
4458
4475
4458
4458
4458
4458
4458
4458
4458
4464
4459
4459
4459
4459
4459
4458
4459
4459
4459
4459
4459
4479
4459
4459
4459
4459
4459
4459
4459
4459
4459
4459
4459
4459
4459
4459
4459
4459
4459
4459
4459
4459
4459
4459
4459
4459
4459
4459
4459
4459
4459
4459
4459
4459
4459
4459
4459
4459
4459
4459
4460
4459
4459
4459
4459
4459
4459
4459
4459
4464
4459
4459
4459
4459
4475
4459
4459
4459
4459
4460
4459
4459
4459
4459
4459
4459
4459
4459
4459
4459
4459
4459
4459
4459
4459
4459
4460
4460
4460
4460
4459
4459
4459
4459
4459
4460
4460
4460
4460
4460
4460
4460
4460
4460
4460
4460
4473
4460
4460
4460
4460
4460
4460
4460
4460
4460
4460
4460
4460
4460
4460
4460
4460
4460
4473
4461
4460
4460
4460
4460
4461
4461
4461
4461
4461
4461
4461
4457
4457
4457
4457
4457
4457
4457
4457
4457
4457
4457
4457
4457
4457
4457
4457
4457
4457
4458
4458
4458
4458
4458
4458
4458
4458
4458
4458
4458
4458
4458
4458
4458
4458
4458
4458
4458
4458
4458
4458
4458
4457
4457
4457
4457
4457
4457
4457
4457
4458
4458
4458
4458
4458
4457
4457
4457
4457
4478
4457
4457
4458
4458
4458
4458
4458
4458
4458
4458
4457
4458
4457
4457
4457
4457
4457
4457
4457
4458
4458
4458
4458
4458
4457
4457
4458
4458
4458
4458
4458
4458
4458
4458
4458
4458
4458
4458
4458
4458
4458
4458
4458
4458
4458
4458
4458
4458
4458
4458
4464
4458
4458
4458
4458
4458
4458
4459
4458
4458
4459
4459
4459
4459
4459
4458
4459
4458
4458
4458
4459
4459
4459
4475
4460
4460
4460
4460
4459
4459
4459
4459
4460
4460
4460
4460
4460
4460
4460
4460
4460
4460
4460
4460
4460
4460
4460
4460
4460
4460
4460
4460
4460
4460
4460
4460
4460
4460
4460
4460
4460
4460
4461
4460
4460
4460
4460
4460
4460
4460
4460
4461
4461
4473
4460
4460
4460
4460
4460
4460
4460
4461
4461
4461
4461
4461
4461
4461
4461
4461
4461
4461
4461
4461
4461
4461
4461
4461
4461
4461
4461
4461
4461
4461
4461
4461
4461
4461
4462
4461
4461
4461
4461
4462
4461
4461
4461
4461
4462
4462
4462
4462
4462
4462
4461
4461
4461
4462
4462
4462
4462
4462
4462
4462
4462
4462
4462
4462
4462
4462
4462
4462
4462
4462
4462
4462
4462
4462
4462
4462
4462
4462
4461
4461
4462
4461
4461
4461
4463
4462
4462
4462
4462
4462
4462
4462
4462
4462
4462
4462
4462
4462
4462
4462
4462
4462
4463
4458
4457
4457
4457
4458
4458
4458
4458
4458
4458
4458
4458
4458
4458
4458
4458
4458
4458
4458
4458
4458
4458
4458
4458
4458
4458
4458
4458
4458
4458
4458
4458
4458
4458
4458
4458
4458
4458
4458
4458
4458
4458
4458
4458
4458
4480
4458
4458
4458
4458
4458
4458
4458
4458
4458
4458
4458
4458
4459
4458
4458
4459
4458
4458
4458
4458
4458
4458
4459
4459
4459
4459
4459
4459
4459
4459
4459
4459
4459
4459
4459
4459
4459
4459
4459
4459
4459
4459
4459
4459
4459
4459
4459
4459
4459
4459
4459
4460
4459
4459
4459
4459
4459
4459
4459
4459
4459
4459
4459
4459
4482
4459
4459
4459
4459
4460
4460
4460
4460
4459
4459
4459
4459
4459
4459
4459
4459
4459
4460
4460
4460
4460
4460
4460
4460
4460
4460
4460
4460
4463
4461
4461
4461
4461
4461
4462
4461
4461
4461
4461
4461
4461
4469
4462
4462
4462
4462
4462
4461
4461
4461
4461
4462
4461
4462
4462
4462
4462
4462
4462
4461
4462
4461
4461
4461
4461
4461
4461
4461
4461
4461
4461
4461
4461
4461
4461
4461
4461
4461
4467
4461
4460
4460
4460
4461
4460
4460
4461
4461
4461
4461
4461
4460
4460
4460
4460
4460
4460
4460
4460
4460
4460
4460
4460
4460
4460
4460
4460
4459
4459
4459
4459
4459
4459
4459
4459
4460
4460
4460
4460
4460
4460
4460
4460
4460
4460
4460
4460
4460
4460
4460
4460
4461
4461
4462
4461
4461
4462
4462
4462
4462
4462
4462
4462
4462
4462
4462
4462
4462
4462
4462
4462
4462
4484
4462
4462
4462
4462
4462
4462
4462
4462
4462
4462
4462
4462
4462
4462
4462
4462
4462
4462
4462
4462
4462
4462
4462
4462
4462
4462
4462
4462
4462
4462
4463
4463
4463
4463
4461
4461
4461
4461
4461
4461
4461
4461
4461
4461
4461
4462
4462
4462
4462
4461
4461
4461
4461
4462
4462
4462
4462
4462
4462
4462
4462
4462
4462
4467
4462
4462
4462
4462
4463
4462
4462
4462
4463
4463
4462
4462
4462
4462
4462
4462
4462
4463
4463
4463
4463
4463
4463
4463
4463
4463
4463
4463
4462
4463
4463
4463
4463
4463
4463
4463
4464
4463
4463
4463
4463
4463
4462
4462
4462
4462
4462
4462
4462
4462
4462
4462
4462
4462
4462
4481
4462
4462
4462
4462
4462
4462
4462
4462
4462
4462
4462
4462
4462
4462
4462
4462
4462
4462
4462
4463
4463
4463
4463
4463
4463
4463
4463
4463
4463
4463
4463
4463
4463
4463
4463
4463
4463
4463
4470
4463
4463
4464
4463
4463
4463
4464
4463
4463
4463
4463
4465
4463
4463
4463
4463
4464
4463
4463
4463
4463
4463
4464
4464
4464
4464
4464
4464
4464
4464
4464
4464
4464
4464
4464
4464
4464
4464
4464
4464
4464
4464
4464
4464
4464
4464
4464
4464
4464
4464
4464
4464
4464
4464
4464
4464
4464
4464
4464
4464
4464
4464
4465
4464
4464
4464
4464
4464
4464
4464
4467
4464
4464
4464
4465
4464
4464
4464
4465
4465
4465
4465
4465
4465
4465
4465
4464
4464
4465
4464
4464
4465
4465
4465
4465
4465
4465
4465
4465
4465
4465
4465
4465
4465
4465
4465
4465
4465
4465
4465
4465
4465
4465
4466
4465
4465
4466
4465
4465
4465
4465
4465
4465
4465
4465
4465
4465
4465
4465
4465
4466
4466
4466
4466
4466
4466
4466
4466
4466
4465
4465
4466
4466
4466
4466
4466
4466
4466
4466
4465
4465
4465
4465
4466
4465
4465
4465
4466
4466
4466
4466
4466
4466
4466
4466
4466
4466
4466
4466
4466
4466
4466
4466
4466
4466
4466
4466
4466
4466
4466
4466
4466
4466
4466
4466
4466
4466
4466
4466
4466
4467
4466
4468
4466
4466
4466
4489
4467
4467
4467
4467
4467
4467
4467
4467
4467
4467
4467
4467
4467
4467
