5668
5673
5686
5693
5696
5699
5697
5706
5709
5711
5714
5719
5713
5717
5708
5726
5730
5721
5725
5715
5715
5716
5716
5716
5716
5717
5716
5715
5715
5715
5715
5715
5715
5715
5717
5716
5716
5717
5716
5717
5718
5718
5719
5720
5720
5720
5719
5719
5719
5722
5722
5722
5722
5722
5722
5722
5723
5723
5724
5724
5724
5724
5724
5724
5724
5724
5724
5725
5731
5731
5731
5731
5731
5731
5731
5731
5731
5731
5735
5734
5734
5734
5735
5735
5735
5735
5735
5736
5735
5735
5735
5736
5737
5737
5750
5737
5737
5737
5737
5737
5737
5737
5737
5738
5738
5739
5738
5738
5739
5747
5747
5740
5740
5740
5741
5740
5740
5740
5743
5743
5743
5743
5744
5744
5743
5744
5744
5744
5744
5744
5744
5744
5744
5744
5745
5745
5766
5754
5754
5754
5754
5747
5747
5749
5749
5749
5749
5749
5750
5749
5750
5749
5749
5750
5750
5750
5750
5751
5751
5751
5751
5751
5751
5751
5751
5751
5751
5751
5751
5751
5751
5751
5751
5752
5752
5752
5752
5752
5753
5754
5754
5754
5754
5754
5755
5755
5755
5755
5755
5755
5754
5754
5754
5754
5755
5754
5753
5753
5753
5753
5753
5754
5754
5753
5753
5754
5754
5754
5754
5754
5754
5756
5756
5756
5756
5756
5756
5756
5756
5756
5756
5763
5756
5756
5756
5756
5756
5756
5756
5756
5756
5757
5757
5757
5757
5757
5757
5757
5757
5758
5758
5757
5757
5757
5757
5757
5758
5760
5760
5760
5760
5760
5760
5760
5760
5760
5761
5761
5761
5761
5761
5773
5761
5761
5761
5762
5761
5761
5761
5768
5762
5762
5762
5784
5763
5763
5763
5763
5763
5763
5765
5760
5756
5756
5756
5756
5756
5756
5763
5756
5756
5756
5752
5752
5752
5752
5752
5752
5752
5752
5752
5752
5748
5752
5748
5748
5748
5748
5748
5748
5748
5748
5743
5743
5745
5745
5747
5747
5747
5748
5748
5748
5739
5755
5738
5739
5739
5739
5739
5739
5739
5739
5739
5739
5739
5739
5736
5736
5736
5737
5736
5736
5736
5749
5737
5737
5731
5731
5731
5731
5730
5730
5731
5730
5730
5730
5731
5730
5731
5731
5731
5731
5731
5731
5733
5732
5732
5732
5732
5732
5732
5732
5732
5732
5732
5732
5733
5733
5733
5733
5732
5732
5733
5732
5732
5733
5733
5733
5733
5733
5733
5733
5733
5733
5733
5733
5733
5733
5733
5733
5733
5733
5733
5733
5733
5733
5733
5733
5733
5733
5734
5734
5734
5734
5733
5733
5733
5733
5734
5733
5733
5733
5728
5729
5729
5729
5729
5729
5729
5729
5729
5729
5729
5729
5729
5729
5729
5729
5729
5729
5729
5730
5730
5730
5730
5730
5729
5729
5729
5729
5729
5730
5730
5730
5730
5730
5730
5730
5730
5731
5731
5731
5731
5731
5731
5731
5731
5731
5731
5731
5731
5731
5731
5731
5731
5731
5731
5731
5731
5731
5731
5731
5731
5725
5720
5720
5720
5720
5743
5721
5721
5721
5721
5721
5735
5711
5711
5711
5712
5711
5711
5711
5711
5711
5712
5711
5711
5712
5711
5714
5712
5712
5712
5712
5685
5685
5685
5686
5686
5685
5685
5685
5685
5686
5687
5686
5686
5686
5686
5701
5686
5686
5686
5686
5686
5686
5687
5687
5687
5687
5687
5687
5688
5687
5682
5682
5682
5698
5683
5683
5683
5683
5683
5683
5683
5683
5684
5683
5683
5683
5683
5699
5683
5683
5683
5683
5684
5683
5683
5683
5683
5683
5683
5683
5683
5683
5683
5684
5683
5683
5683
5683
5683
5684
5684
5684
5684
5684
5684
5684
5683
5683
5683
5683
5684
5684
5684
5684
5684
5684
5684
5684
5684
5684
5679
5679
5678
5678
5679
5679
5679
5679
5679
5679
5678
5679
5679
5679
5679
5679
5679
5679
5679
5679
5679
5688
5679
5679
5679
5679
5679
5679
5679
5679
5681
5676
5675
5675
5675
5675
5675
5675
5675
5675
5675
5675
5675
5675
5675
5676
5676
5675
5675
5676
5676
5676
5676
5676
5676
5676
5676
5676
5676
5676
5675
5675
5676
5676
5676
5676
5676
5680
5679
5679
5679
5678
5679
5679
5679
5679
5679
5679
5679
5679
5679
5679
5678
5678
5678
5678
5679
5679
5679
5679
5674
5674
5674
5674
5674
5674
5674
5674
5674
5674
5669
5683
5670
5670
5670
5670
5670
5670
5670
5670
5680
5670
5670
5670
5670
5670
5670
5670
5670
5670
5670
5670
5670
5671
5671
5671
5671
5671
5694
5671
5671
5671
5671
5671
5671
5671
5671
5671
5671
5671
5671
5671
5671
5671
5672
5671
5671
5671
5671
5671
5671
5671
5671
5671
5671
5671
5672
5671
5671
5671
5671
5671
5671
5671
5671
5671
5671
5671
5672
5672
5672
5672
5672
5672
5672
5672
5672
5672
5669
5669
5669
5669
5669
5692
5669
5669
5669
5669
5670
5669
5678
5670
5670
5670
5670
5670
5670
5670
5670
5670
5669
5669
5669
5670
5670
5670
5670
5670
5670
5670
5670
5670
5670
5670
5692
5670
5670
5670
5670
5670
5670
5670
5670
5670
5671
5682
5670
5670
5670
5670
5670
5671
5671
5671
5671
5671
5671
5671
5671
5671
5671
5671
5671
5671
5671
5671
5671
5671
5671
5671
5671
5671
5671
5671
5671
5671
5671
5672
5671
5671
5672
5671
5671
5671
5671
5671
5671
5671
5671
5692
5672
5672
5672
5672
5672
5672
5672
5671
5672
5672
5671
5672
5671
5671
5671
5672
5672
5672
5672
5672
5672
5672
5672
5672
5672
5672
5673
5672
5672
5672
5672
5672
5672
5672
5672
5672
5673
5672
5672
5673
5672
5672
5672
5672
5673
5672
5672
5672
5672
5672
5672
5672
5672
5672
5672
5672
5672
5672
5672
5672
5672
5673
5673
5679
5670
5670
5670
5670
5670
5670
5670
5670
5670
5670
5670
5670
5670
5669
5669
5670
5670
5670
5670
5670
5671
5670
5671
5671
5671
5670
5670
5670
5670
5670
5670
5670
5670
5671
5670
5671
5670
5670
5670
5670
5671
5671
5670
5670
5686
5670
5670
5671
5670
5670
5685
5671
5671
5671
5670
5670
5671
5671
5671
5672
5672
5671
5671
5671
5671
5671
5671
5671
5671
5671
5672
5672
5671
5671
5671
5671
5671
5672
5673
5672
5672
5673
5673
5673
5673
5673
5668
5668
5668
5668
5668
5669
5668
5668
5668
5668
5668
5668
5668
5668
5668
5668
5668
5663
5664
5664
5664
5664
5664
5664
5664
5665
5665
5665
5665
5665
5665
5665
5665
5665
5665
5665
5665
5666
5665
5665
5665
5665
5665
5666
5665
5665
5665
5665
5665
5665
5665
5665
5665
5665
5666
5665
5665
5665
5665
5665
5665
5665
5660
5661
5660
5660
5660
5660
5660
5660
5660
5666
5656
5656
5656
5656
5656
5656
5656
5656
5656
5656
5656
5656
5656
5656
5656
5656
5656
5656
5657
5656
5656
5656
5656
5657
5656
5656
5657
5656
5656
5656
5656
5657
5657
5657
5657
5657
5657
5657
5657
5657
5657
5657
5657
5657
5657
5657
5657
5657
5658
5657
5657
5657
5657
5657
5657
5657
5657
5657
5657
5657
5657
5653
5653
5653
5654
5653
5653
5665
5668
5656
5656
5652
5652
5652
5652
5652
5652
5652
5651
5651
5651
5652
5651
5652
5652
5652
5652
5652
5652
5652
5652
5652
5652
5652
5652
5651
5651
5651
5652
5652
5652
5652
5652
5652
5652
5652
5652
5652
5652
5652
5652
5652
5652
5652
5652
5652
5653
5653
5652
5652
5652
5652
5652
5652
5666
5653
5653
5653
5653
5653
5653
5653
5649
5649
5649
5649
5649
5649
5649
5649
5649
5649
5644
5645
5644
5645
5645
5645
5645
5645
5645
5645
5645
5645
5645
5645
5644
5644
5644
5645
5645
5645
5645
5645
5645
5645
5645
5645
5665
5645
5645
5645
5644
5644
5644
5644
5644
5644
5645
5645
5645
5645
5645
5645
5645
5645
5644
5644
5644
5644
5644
5644
5645
5644
5644
5644
5645
5645
5645
5645
5644
5644
5644
5640
5640
5640
5641
5640
5640
5640
5640
5660
5641
5637
5636
5636
5636
5638
5638
5640
5640
5638
5639
5639
5639
5639
5639
5639
5639
5639
5639
5639
5639
5639
5639
5639
5639
5639
5639
5639
5639
5639
5639
5640
5639
5639
5639
5639
5639
5640
5640
5640
5640
5640
5640
5640
5640
5640
5640
5640
5640
5640
5640
5640
5641
5640
5640
5640
5640
5640
5640
5640
5640
5640
5635
5635
5637
5636
5636
5636
5636
5636
5636
5636
5631
5632
5632
5632
5632
5632
5632
5632
5632
5632
5632
5632
5632
5632
5633
5633
5633
5633
5633
5633
5633
5633
5633
5633
5633
5633
5633
5633
5634
5633
5633
5633
5633
5633
5633
5633
5633
5633
5633
5633
5633
5633
5633
5633
5633
5633
5633
5634
5634
5634
5634
5634
5634
5634
5634
5651
5635
5634
5634
5634
5634
5634
5630
5630
5630
5630
5630
5630
5630
5630
5630
5630
5626
5626
5626
5626
5626
5626
5626
5626
5626
5627
5626
5626
5626
5627
5626
5626
5626
5626
5626
5626
5634
5626
5626
5626
5626
5626
5626
5627
5627
5627
5627
5627
5627
5627
5627
5627
5627
5627
5627
5637
5627
5627
5627
5627
5627
5627
5627
5627
5627
5627
5627
5627
5628
5627
5627
5627
5627
5627
5627
5627
5627
5623
5623
5623
5623
5623
5623
5623
5623
5623
5623
5618
5619
5618
5618
5618
5618
5619
5619
5619
5619
5619
5619
5620
5620
5620
5620
5620
5620
5620
5619
5619
5619
5619
5619
5619
5619
5619
5620
5620
5619
5619
5619
5619
5620
5620
5620
5620
5620
5620
5620
5620
5620
5620
5620
5620
5620
5620
5620
5620
5620
5620
5620
5626
5620
5620
5620
5620
5620
5620
5620
5620
5616
5616
5616
5616
5616
5616
5616
5616
5616
5616
5612
5612
5612
5612
5625
5612
5612
5612
5612
5612
5612
5612
5612
5612
5613
5613
5613
5613
5613
5631
5612
5612
5612
5614
5613
5613
5613
5613
5613
5613
5613
5613
5613
5613
5613
5613
5613
5613
5613
5613
5613
5613
5613
5613
5613
5614
5613
5613
5613
5613
5613
5613
5613
5613
5613
5613
5613
5614
5613
5613
5613
5609
5610
5610
5610
5610
5610
5609
5609
5609
5609
5608
5605
5605
5605
5605
5605
5605
5605
5606
5606
5606
5606
5606
5609
5605
5605
5605
5605
5605
5606
5606
5605
5605
5605
5606
5606
5605
5605
5606
5606
5606
5606
5606
5606
5606
5606
5606
5606
5606
5606
5606
5606
5606
5606
5606
5606
5606
5607
5606
5606
5606
5606
5606
5606
5607
5607
5607
5607
5607
5607
5606
5602
5602
5602
5602
5602
5602
5602
5602
5602
5602
5598
5598
5599
5599
5599
5599
5598
5598
5598
5598
5598
5598
5599
5599
5599
5599
5599
5599
5599
5599
5600
5599
5599
5599
5599
5599
5599
5599
5599
5599
5599
5599
5599
5599
5599
5600
5599
5599
5599
5609
5599
5599
5599
5599
5599
5599
5599
5599
5599
5599
5599
5599
5600
5600
5600
5600
5600
5600
5600
5599
5599
5595
5595
5596
5596
5596
5596
5596
5595
5595
5608
5591
5591
5591
5592
5592
5592
5592
5592
5592
5592
5592
5592
5592
5592
5592
5592
5592
5592
5592
5592
5592
5592
5592
5592
5592
5592
5592
5592
5592
5593
5593
5593
5593
5593
5593
5593
5593
5593
5594
5593
5593
5593
5593
5594
5593
5593
5593
5593
5592
5593
5593
5593
5593
5593
5593
5593
5593
5593
5593
5593
5593
5593
5589
5589
5589
5589
5589
5589
5589
5602
5589
5589
5585
5585
5585
5585
5585
5585
5585
5585
5585
5585
5585
5602
5585
5585
5585
5585
5586
5585
5585
5585
5586
5585
5585
5586
5585
5585
5585
5586
5586
5586
5585
5585
5585
5585
5585
5586
5586
5586
5586
5586
5586
5586
5586
5586
5586
5586
5586
5586
5586
5586
5586
5586
5586
5586
5586
5586
5586
5586
5586
5586
5586
5582
5582
5582
5582
5582
5582
5582
5582
5582
5582
5578
5578
5578
5578
5578
5578
5579
5579
5579
5579
5579
5582
5578
5578
5578
5578
5578
5578
5578
5578
5579
5578
5579
5579
5579
5579
5579
5579
5579
5580
5579
5579
5579
5580
5579
5579
5583
5583
5583
5583
5582
5583
5583
5583
5583
5583
5583
5583
5591
5583
5583
5583
5583
5583
5583
5583
5583
5583
5583
5583
5583
5578
5579
5579
5579
5579
5579
5579
5579
5579
5579
5575
5575
5575
5576
5575
5575
5575
5575
5575
5575
5575
5575
5576
5576
5576
5576
5576
5576
5576
5575
5576
5575
5575
5575
5575
5575
5575
5575
5576
5576
5576
5576
5576
5576
5576
5576
5576
5576
5576
5576
5576
5576
5576
5576
5576
5576
5576
5562
5562
5562
5562
5562
5562
5562
5562
5562
5562
5563
5563
5563
5563
5563
5563
5563
5563
5563
5567
5563
5563
5563
5563
5563
5563
5563
5563
5563
5563
5563
5563
5563
5563
5563
5563
5563
5563
5563
5563
5563
5563
5563
5563
5563
5563
5563
5563
5587
5565
5565
5572
5565
5565
5565
5565
5565
5565
5565
5565
5565
5565
5565
5565
5565
5565
5566
5565
5565
5565
5565
5565
5565
5565
5565
5565
5566
5565
5565
5565
5566
5566
5566
5566
5565
5565
5565
5565
5565
5566
5566
5566
5566
5566
5566
5566
5565
5565
5565
5566
5565
5566
5565
5566
5566
5566
5566
5577
5566
5565
5565
5565
5565
5566
5566
5566
5566
5580
5566
5566
5566
5566
5567
5566
5566
5566
5566
5566
5566
5566
5566
5566
5566
5566
5580
5567
5566
5566
5566
5566
5566
5566
5566
5566
5566
5566
5566
5566
5566
5566
5566
5566
5566
5567
5566
5566
5567
5567
5567
5567
5567
5567
5567
5567
5566
5566
5566
5566
5566
5567
5567
5569
5568
5567
5567
5567
5568
5568
5568
5568
5568
5568
5582
5567
5567
5567
5567
5567
5568
5568
5568
5568
5568
5568
5568
5568
5568
5568
5578
5568
5568
5568
5568
5568
5568
5568
5568
5569
5568
5568
5568
5568
5568
5568
5568
5568
5568
5568
5568
5568
5591
5568
5568
5568
5569
5568
5568
5568
5569
5569
5569
5569
5569
5569
5568
5568
5568
5568
5568
5568
5568
5568
5569
5569
5569
5569
5569
5569
5569
5569
5569
5569
5569
5569
5569
5569
5569
5569
5569
5569
5569
5569
5569
5569
5569
5569
5569
5569
5569
5574
5569
5569
5569
5569
5569
5569
5569
5569
5569
5568
5568
5568
5568
5568
5569
5568
5569
5569
5568
5568
5581
5569
5569
5569
5569
5569
5569
5569
5569
5569
5569
5569
5569
5569
5569
5569
5569
5569
5569
5569
5569
5569
5561
5561
5560
5560
5560
5560
5560
5561
5560
5561
5562
5562
5562
5562
5562
5561
5561
5561
5561
5561
5565
5565
5565
5565
5565
5565
5565
5565
5565
5565
5561
5561
5561
5561
5561
5561
5561
5562
5561
5561
5561
5557
5557
5557
5557
5558
5558
5558
5557
5557
5557
5557
5557
5557
5557
5557
5558
5558
5558
5558
5558
5558
5558
5557
5557
5557
5557
5557
5557
5557
5557
5553
5569
5554
5554
5554
5554
5553
5553
5553
5553
5553
5553
5553
5554
5554
5554
5554
5554
5554
5554
5553
5550
5550
5550
5550
5550
5550
5551
5551
5550
5550
5546
5554
5545
5545
5545
5545
5545
5545
5545
5546
5545
5546
5546
5546
5546
5546
5546
5545
5545
5545
5545
5545
5545
5546
5545
5545
5545
5545
5546
5546
5546
5546
5546
5545
5545
5546
5545
5545
5545
5546
5546
5547
5546
5546
5546
5546
5546
5546
5546
5546
5546
5546
5546
5546
5546
5549
5546
5546
5546
5546
5546
5546
5546
5546
5546
5546
5546
5547
5546
5546
5546
5546
5547
5546
5546
5546
5547
5546
5547
5546
5546
5546
5546
5546
5546
5547
5546
5546
5546
5547
5547
5547
5547
5547
5547
5546
5546
5546
5546
5547
5546
5546
5546
5547
5547
5547
5547
5547
5547
5547
5547
5546
5547
5546
5546
5546
5547
5546
5547
5547
5547
5547
5548
5547
5559
5548
5548
5548
5547
5547
5547
5547
5547
5547
5547
5547
5547
5547
5547
5547
5544
5544
5549
5544
5544
5544
5544
5544
5544
5544
5544
5544
5544
5544
5544
5544
5544
5545
5544
5544
5544
5544
5544
5544
5545
5545
5545
5550
5544
5544
5544
5544
5544
5545
5545
5545
5545
5545
5545
5545
5545
5545
5545
5544
5545
5545
5545
5545
5545
5545
5545
5545
5545
5545
5545
5545
5546
5546
5546
5546
5546
5546
5547
5546
5546
5546
5545
5545
5545
5546
5546
5546
5546
5546
5546
5546
5546
5546
5546
5553
5546
5546
5546
5546
5546
5546
5546
5546
5546
5547
5546
5547
5547
5547
5547
5547
5547
5548
5548
5548
5548
5547
5547
5547
5547
5547
5547
5547
5548
5548
5548
5548
5548
5548
5549
5550
5549
5549
5549
5549
5549
5549
5549
5549
5549
5550
5550
5550
5550
5550
5550
5551
5551
5551
5551
5551
5551
5551
5551
5551
5551
5551
5551
5551
5551
5551
5551
5551
5551
5551
5551
5551
5551
5551
5551
5551
5551
5551
5551
5551
5552
5552
5552
5553
5553
5553
5553
5553
5554
5554
5554
5553
5553
5553
5553
5553
5553
5553
5554
5553
5554
5554
5554
5554
5554
5554
5554
5554
5554
5554
5554
5564
5554
5554
5554
5554
5554
5554
5554
5555
5555
5555
5555
5555
5555
5555
5554
5554
5554
5554
5555
5555
5555
5555
5555
5555
5555
5555
5555
5555
5557
5557
5557
5557
5557
5557
5557
5572
5557
5557
5557
5557
5557
5557
5557
5557
5557
5557
5557
5557
5558
5557
5557
5557
5557
5560
5560
5560
5560
5560
5560
5560
5560
5560
5560
5560
5560
5558
5558
5557
5557
5557
5557
5557
5557
5557
5557
5558
5577
5558
5558
5558
5558
5558
5558
5558
5558
5558
5558
5559
5558
5558
5558
5558
5558
5558
5558
5559
5559
5559
5559
5559
5559
5559
5559
5559
5559
5559
5559
5559
5559
5559
5559
5559
5559
5559
5559
5559
5559
5559
5559
5559
5559
5559
5559
5559
5581
5559
5559
5559
5559
5560
5560
5560
5560
5560
5560
5563
5559
5559
5560
5559
5560
5560
5560
5560
5560
5560
5560
5560
5560
5560
5560
5560
5560
5560
5560
5560
5560
5560
5560
5560
5560
5560
5560
5560
5560
5560
5560
5561
5554
5555
5555
5555
5555
5554
5555
5555
5555
5555
5555
5556
5556
5556
5556
5556
5556
5556
5556
5556
5556
5556
5556
5556
5556
5556
5556
5556
5556
5556
5556
5556
5556
5556
5556
5557
5556
5556
5556
5556
5556
5557
5556
5556
5557
5556
5556
5556
5557
5557
5557
5557
5557
5557
5556
5557
5565
5557
5557
5557
5557
5557
5578
5557
5557
5557
5557
5557
5558
5557
5557
5557
5557
5557
5557
5557
5557
5557
5557
5557
5557
5552
5552
5552
5552
5552
5552
5552
5552
5552
5552
5552
5552
5552
5552
5553
5553
5553
5566
5552
5552
5552
5552
5552
5553
5552
5552
5552
5552
5575
5553
5553
5553
5553
5552
5552
5552
5552
5552
5552
5552
5553
5553
5553
5553
5553
5553
5553
5552
5552
5552
5552
5552
5553
5553
5553
5552
5552
5552
5552
5552
5552
5552
5552
5551
5551
5552
5552
5552
5552
5552
5552
5552
5552
5552
5552
5552
5552
5552
5552
5552
5552
5552
5552
5552
5552
5553
5553
5552
5553
5552
5552
5552
5552
5552
5552
5552
5552
5552
5552
5552
5552
5552
5552
5553
5552
5552
5552
5552
5552
5552
5553
5553
5553
5553
5553
5553
5553
5553
5553
5553
5553
5553
5553
5552
5553
5553
5553
5553
5553
5553
5554
5553
5553
5553
5553
5553
5553
5553
5553
5553
5558
5554
5554
5554
5554
5554
5554
5554
5554
5554
5554
5554
5554
5554
5554
5554
5554
5554
5554
5554
5554
5554
5554
5554
5554
5554
5554
5554
5554
5554
5554
5554
5554
5554
5554
5554
5554
5554
5554
5554
5554
5554
5554
5554
5555
5554
5554
5554
5554
5554
5554
5554
5554
5554
5554
5554
5554
5554
5554
5554
5555
5555
5555
5555
5555
5555
5554
5554
5554
5554
5554
5555
5554
5551
5551
5551
5551
5551
5551
5551
5551
5551
5551
5551
5551
5551
5551
5551
5551
5551
5551
5551
5551
5551
5551
5551
5551
5551
5551
5551
5551
5551
5551
5551
5551
5551
5551
5551
5551
5551
5551
5551
5551
5551
5551
5552
5551
5551
5551
5551
5551
5552
5552
5552
5552
5551
5551
5551
5551
5551
5551
5551
5552
5552
5552
5552
5552
5552
5552
5552
5552
5552
5552
5552
5552
5552
5552
5552
5552
5552
5552
5552
5543
5539
5539
5539
5539
5539
5539
5539
5539
5539
5539
5539
5540
5539
5540
5539
5540
5541
5540
5540
5540
5540
5540
5540
5540
5540
5540
5540
5540
5540
5540
5540
5541
5540
5540
5540
5540
5540
5540
5540
5540
5541
5541
5541
5541
5541
5540
5540
5540
5540
5540
5541
5541
5541
5541
5541
5541
5541
5541
5541
5541
5542
5541
5541
5541
5541
5541
5536
5536
5547
5537
5537
5537
5537
5537
5537
5536
5536
5536
5536
5537
5536
5537
5537
5537
5544
5537
5537
5537
5537
5537
5537
5537
5537
5537
5537
5537
5538
5537
5537
5537
5537
5537
5537
5537
5538
5538
5538
5538
5538
5538
5537
5537
5538
5538
5538
5538
5542
5538
5538
5538
5538
5538
5538
5538
5538
5538
5538
5538
5538
5538
5538
5538
5538
5538
5538
5538
5539
5538
5538
5538
5538
5539
5538
5538
5538
5538
5538
5538
5538
5538
5538
5538
5538
5538
5538
5538
5538
5538
5538
5538
5538
5538
5538
5538
5538
5538
5538
5539
5538
5538
5538
5539
5539
5539
5539
5539
5539
5539
5539
5539
5539
5539
5539
5539
5539
5539
5539
5539
5539
5539
5539
5539
5539
5539
5539
5539
5546
5539
5539
5539
5539
5539
5539
5540
5539
5539
5539
5539
5539
5539
5551
5539
5540
5539
5539
5539
5539
5539
5539
5539
5539
5539
5539
5539
5539
5539
5540
5540
5540
5540
5540
5540
5540
5537
5537
5537
5537
5537
5538
5538
5538
5538
5538
5538
5538
5538
5538
5538
5539
5538
5538
5538
5539
5539
5539
5539
5539
5539
5539
5539
5538
5538
5538
5538
5538
5538
5539
5550
5539
5539
5539
5539
5539
5539
5539
5539
5539
5539
5539
5539
5538
5538
5539
5539
5539
5539
5539
5538
5538
5538
5538
5538
5538
5539
5539
5539
5539
5539
5539
5539
5539
5539
5539
5539
5539
5539
5539
5539
5539
5539
5539
5539
5539
5539
5539
5539
5539
5539
5539
5540
5539
5539
5539
5539
5539
5539
5539
5539
5539
5539
5539
5539
5539
5539
5539
5543
5543
5543
5543
5543
5543
5543
5543
5543
5543
5543
5544
5543
5543
5543
5543
5543
5543
5543
5543
5543
5543
5543
5543
5543
5543
5543
5543
5544
5543
5543
5543
5543
5543
5543
5543
5543
5543
5543
5543
5543
5543
5543
5543
5543
5543
5557
5543
5543
5543
5543
5543
5543
5543
5543
5543
5543
5543
5543
5543
5543
5543
5543
5543
5543
5543
5543
5543
5543
5543
5543
5542
5543
5543
5543
5543
5543
5543
5543
5543
5543
5543
5543
5543
5543
5543
5543
5543
5543
5543
5543
5543
5542
5542
5557
5542
5542
5542
5542
5543
5542
5542
5543
5543
5543
5543
5543
5543
5542
5543
5542
5542
5542
5542
5542
5543
5542
5543
5543
5542
5542
5542
5542
5542
5542
5542
5543
5542
5542
5542
5542
5543
5543
5543
5543
5543
5543
5542
5542
5542
5542
5542
5543
5542
5543
5542
5542
5542
5543
5543
5543
5543
5542
5542
5542
5542
5542
5542
5542
5542
5542
5543
5543
5542
5542
5542
5542
5543
5543
5543
5543
5562
5542
5542
5543
5543
5543
5543
5543
5543
5543
5543
5543
5543
5543
5543
5543
5543
5543
5543
5543
5543
5543
5543
5543
5543
5544
5544
5544
5544
5544
5544
5544
5544
5544
5544
5544
5544
5544
5544
5544
5544
5543
5543
5543
5544
5544
5544
5544
5544
5544
5544
5544
5544
5544
5544
5544
5544
5544
5544
5544
5551
5544
5544
5544
5544
5544
5544
5544
5544
5544
5544
5545
5545
5545
5545
5545
5549
5544
5544
5544
5544
5544
5544
5544
5544
5544
5544
5544
5545
5546
5546
5546
5546
5546
5546
5545
5546
5546
5546
5546
5546
5546
5546
5546
5546
5546
5546
5546
5546
5546
5546
5546
5546
5546
5546
5546
5546
5546
5546
5546
5546
5546
5546
5546
5546
5546
5546
5546
5554
5546
5546
5546
5546
5546
5546
5546
5546
5546
5546
5546
5546
5546
5547
5546
5546
5546
5546
5546
5546
5547
5546
5547
5546
5546
5546
5547
5547
5547
5546
5546
5546
5547
5546
5546
5546
5546
5546
5546
5546
5547
5547
5547
5546
5546
5546
5546
5546
5546
5547
5547
5547
5547
5547
5547
5547
5547
5547
5547
5547
5547
5547
5547
5547
5547
5547
5548
5547
5547
5548
5549
5549
5549
5549
5549
5549
5549
5549
5549
5549
5549
5549
5549
5549
5549
5550
5550
5550
5550
5550
5550
5550
5550
5550
5563
5550
5550
5550
5550
5550
5550
5550
5550
5550
5550
5550
5550
5550
5550
5550
5550
5550
5551
5550
5550
5550
5551
5551
5551
5551
5551
5550
5550
5550
5550
5551
5550
5550
5550
5551
5550
5550
5550
5550
5551
5551
5551
5551
5573
5550
5550
5550
5550
5550
5550
5550
5550
5551
5551
5551
5551
5551
5551
5551
5551
5551
5558
5551
5551
5551
5551
5551
5551
5551
5551
5551
5551
5551
5551
5551
5551
5551
5551
5551
5551
5551
5551
5551
5551
5551
5551
5551
5551
5551
5569
5558
5558
5558
5555
5555
5555
5555
5555
5555
5554
5554
5554
5554
5554
5555
5555
5555
5555
5555
5555
5555
5555
5555
5555
5555
5555
5555
5555
5555
5555
5555
5555
5555
5555
5555
5555
5555
5555
5555
5555
5555
5555
5555
5556
5555
5555
5555
5564
5555
5555
5555
5555
5555
5555
5556
5555
5555
5555
5555
5555
5555
5556
5556
5556
5556
5556
5556
5556
5556
5556
5556
5555
5556
5556
5555
5555
5555
5555
5556
5556
5555
5556
5556
5556
5556
5556
5556
5555
5555
5555
5555
5555
5555
5557
5557
5557
5557
5557
5557
5557
5557
5557
5557
5557
5557
5557
5558
5557
5557
5557
5557
5557
5557
5557
5557
5557
5557
5558
5558
5558
5558
5558
5558
5558
5558
5558
5558
5558
5558
5557
5557
5557
5557
5557
5557
5557
5557
5557
5558
5557
5557
5558
5558
5557
5557
5557
5557
5557
5557
5557
5557
5558
5558
5558
5558
5558
5558
5558
5558
5558
5558
5558
5558
5558
5558
5557
5557
5557
5558
5557
5557
5558
5558
5558
5558
5558
5558
5558
5558
5558
5558
5558
5558
5559
5558
5558
5558
5558
5558
5558
5558
5558
5558
5558
5558
5559
5558
5558
5558
5558
5558
5558
5558
5558
5558
5558
5558
5558
5558
5558
5558
5558
5558
5558
5558
5558
5558
5558
5558
5558
5580
5558
5558
5558
5558
5558
5558
5558
5558
5558
5558
5575
5559
5559
5559
5559
5559
5558
5558
5558
5558
5558
5558
5558
5558
5559
5558
5558
5558
5559
5559
5559
5558
5558
5558
5558
5558
5559
5559
5558
5578
5559
5559
5559
5559
5559
5559
5559
5558
5558
5558
5558
5559
5559
5559
5559
5559
5559
5559
5559
5559
5559
5559
5559
5560
5559
5559
5559
5559
5559
5560
5559
5559
5560
5559
5559
5559
5559
5559
5559
5559
5559
5559
5559
5560
5559
5559
5559
5559
5559
5559
5559
5570
5559
5559
5559
5559
5560
5559
5559
5560
5559
5559
5559
5559
5559
5560
5560
5560
5560
5560
5560
5560
5560
5560
5560
5560
5560
5566
5560
5560
5560
5560
5560
5560
5560
5560
5561
5560
5560
5573
5561
5561
5561
5561
5560
5561
5560
5560
5560
5560
5561
5561
5561
5561
5563
5561
5561
5561
5561
5561
5561
5561
5561
5561
5561
5561
5562
5561
5561
5561
5561
5562
5561
5561
5561
5561
5562
5561
5561
5561
5562
5562
5573
5564
5564
5564
5564
5563
5563
5567
5567
5567
5567
5567
5567
5567
5567
5567
5568
5567
5567
5567
5568
5567
5567
5567
5567
5568
5567
5567
5567
5567
5567
5567
5567
5567
5567
5554
5554
5554
5554
5554
5555
5555
5555
5555
5555
5555
5555
5555
5555
5555
5555
5555
5555
5555
5555
5555
5556
5555
5555
5555
5555
5555
5555
5555
5555
5555
5555
5555
5556
5556
5556
5556
5556
5555
5555
5555
5555
5555
5556
5556
5556
5556
5556
5556
5556
5556
5556
5555
5555
5555
5555
5555
5555
5555
5555
5555
5555
5555
5554
5554
5554
5554
5554
5554
5555
5555
5555
5555
5555
5555
5555
5556
5556
5556
5556
5556
5556
5555
5555
5555
5555
5555
5555
5555
5578
5557
5557
5557
5557
5557
5556
5556
5556
5556
5556
5557
5556
5556
5556
5557
5556
5557
5556
5556
5561
5556
5556
5557
5557
5557
5557
5557
5557
5556
5556
5556
5556
5556
5557
5557
5557
5557
5557
5557
5557
5557
5557
5557
5557
5557
5557
5557
5557
5557
5557
5557
5557
5557
5557
5557
5557
5557
5557
5557
5557
5557
5557
5557
5557
5557
5557
5558
5558
5558
5558
5558
5558
5558
5558
5558
5558
5558
5558
5558
5568
5559
5558
5558
5558
5558
5558
5558
5558
5558
5558
5558
5558
5558
5559
5559
5558
5558
5559
5559
5559
5559
5559
5559
5558
5558
5559
5558
5559
5559
5559
5559
5559
5559
5559
5559
5559
5559
5559
5559
5559
5559
5559
5559
5559
5559
5560
5559
5559
5560
5559
5559
5559
5559
5559
5560
5559
5560
5560
5560
5560
5560
5560
5560
5556
5556
5556
5556
5556
5562
5556
5556
5557
5557
5557
5557
5557
5557
5557
5557
5557
5557
5557
5558
5558
5558
5558
5558
5558
5558
5558
5558
5558
5558
5558
5558
5558
5558
5558
5559
5558
5558
5558
5558
5558
5553
5553
5553
5554
5554
5554
5554
5554
5554
5554
5554
5553
5554
5553
5553
5554
5554
5554
5568
5554
5554
5554
5554
5554
5553
5553
5553
5553
5553
5553
5553
5553
5553
5553
5553
5553
5553
5553
5553
5553
5553
5553
5554
5553
5553
5553
5553
5553
5553
5553
5553
5555
5555
5554
5554
5554
5555
5554
5554
5554
5554
5554
5554
5554
5554
5554
5554
5554
5554
5554
5554
5554
5555
5554
5555
5554
5554
5554
5554
5554
5554
5554
5554
5555
5554
5554
5554
5554
5555
5554
5554
5554
5555
5555
5554
5554
5555
5555
5576
5555
5555
5555
5555
5555
5555
5555
5555
5555
5555
5556
5556
5555
5555
5555
5555
5555
5555
5555
5555
5556
5555
5555
5555
5555
5555
5569
5556
5556
5556
5556
5556
5556
5556
5556
5556
5556
5556
5556
5556
5556
5556
5556
5556
5556
5556
5556
5557
5556
5556
5556
5556
5556
5556
5556
5556
5556
5556
5556
5556
5556
5556
5556
5556
5557
5556
5556
5556
5556
5556
5556
5556
5556
5557
5556
5572
5556
5556
5556
5556
5556
5556
5556
5556
5557
5557
5557
5557
5563
5556
5556
5556
5556
5556
5556
5557
5557
5557
5557
5557
5557
5565
5557
5557
5557
5557
5557
5557
5557
5557
5557
5557
5557
5557
5553
5553
5553
5553
5553
5553
5554
5554
5554
5554
5554
5554
5554
5554
5554
5554
5554
5554
5554
5554
5554
5554
5554
5554
5554
5554
5554
5554
5554
5554
5554
5554
5554
5554
5554
5554
5554
5554
5554
5554
5555
5554
5554
5554
5554
5554
5554
5554
5554
5554
5554
5554
5554
5554
5554
5554
5554
5554
5554
5554
5554
5554
5554
5554
5554
5554
5555
5559
5554
5554
5554
5554
5554
5554
5554
5555
5554
5554
5554
5554
5554
5554
5554
5554
5554
5554
5554
5554
5554
5554
5555
5554
5554
5555
5554
5554
5554
5554
5554
5554
5554
5555
5554
5554
5554
5554
5554
5554
5555
5554
5554
5555
5554
5554
5554
5554
5554
5554
5554
5555
5555
5554
5554
5554
5554
5554
5554
5554
5554
5554
5554
5554
5554
5554
5554
5554
5554
5554
5554
5555
5554
5554
5554
5554
5554
5554
5554
5555
5554
5554
5555
5554
5554
5554
5554
5554
5554
5554
5554
5554
5554
5555
5555
5555
5555
5555
5555
5554
5554
5554
5554
5555
5555
5555
5555
5555
5555
5555
5555
5554
5554
5554
5554
5555
5554
5554
5554
5554
5555
5555
5555
5555
